15-Mar-2023 02:57:50.687 INFO [main] org.apache.catalina.startup.VersionLoggerListener.log Server version name:   Apache Tomcat/10.1.7
15-Mar-2023 02:57:50.703 INFO [main] org.apache.catalina.startup.VersionLoggerListener.log Server built:          Feb 27 2023 20:25:27 UTC
15-Mar-2023 02:57:50.703 INFO [main] org.apache.catalina.startup.VersionLoggerListener.log Server version number: 10.1.7.0
15-Mar-2023 02:57:50.703 INFO [main] org.apache.catalina.startup.VersionLoggerListener.log OS Name:               Windows 10
15-Mar-2023 02:57:50.703 INFO [main] org.apache.catalina.startup.VersionLoggerListener.log OS Version:            10.0
15-Mar-2023 02:57:50.703 INFO [main] org.apache.catalina.startup.VersionLoggerListener.log Architecture:          amd64
15-Mar-2023 02:57:50.703 INFO [main] org.apache.catalina.startup.VersionLoggerListener.log Java Home:             C:\Program Files\Eclipse Adoptium\jdk-11.0.13.8-hotspot
15-Mar-2023 02:57:50.703 INFO [main] org.apache.catalina.startup.VersionLoggerListener.log JVM Version:           11.0.13+8
15-Mar-2023 02:57:50.703 INFO [main] org.apache.catalina.startup.VersionLoggerListener.log JVM Vendor:            Eclipse Adoptium
15-Mar-2023 02:57:50.711 INFO [main] org.apache.catalina.startup.VersionLoggerListener.log CATALINA_BASE:         C:\Users\Zaza\Documents\Sekolah 2\Y2\Sem 2\IM2073\Web Programming\actual project\smack\tomcat
15-Mar-2023 02:57:50.711 INFO [main] org.apache.catalina.startup.VersionLoggerListener.log CATALINA_HOME:         C:\Users\Zaza\Documents\Sekolah 2\Y2\Sem 2\IM2073\Web Programming\actual project\smack\tomcat
15-Mar-2023 02:57:50.719 INFO [main] org.apache.catalina.startup.VersionLoggerListener.log Command line argument: -Djava.util.logging.config.file=C:\Users\Zaza\Documents\Sekolah 2\Y2\Sem 2\IM2073\Web Programming\actual project\smack\tomcat\conf\logging.properties
15-Mar-2023 02:57:50.719 INFO [main] org.apache.catalina.startup.VersionLoggerListener.log Command line argument: -Djava.util.logging.manager=org.apache.juli.ClassLoaderLogManager
15-Mar-2023 02:57:50.719 INFO [main] org.apache.catalina.startup.VersionLoggerListener.log Command line argument: -Djdk.tls.ephemeralDHKeySize=2048
15-Mar-2023 02:57:50.719 INFO [main] org.apache.catalina.startup.VersionLoggerListener.log Command line argument: -Djava.protocol.handler.pkgs=org.apache.catalina.webresources
15-Mar-2023 02:57:50.719 INFO [main] org.apache.catalina.startup.VersionLoggerListener.log Command line argument: --add-opens=java.base/java.lang=ALL-UNNAMED
15-Mar-2023 02:57:50.719 INFO [main] org.apache.catalina.startup.VersionLoggerListener.log Command line argument: --add-opens=java.base/java.io=ALL-UNNAMED
15-Mar-2023 02:57:50.719 INFO [main] org.apache.catalina.startup.VersionLoggerListener.log Command line argument: --add-opens=java.base/java.util=ALL-UNNAMED
15-Mar-2023 02:57:50.719 INFO [main] org.apache.catalina.startup.VersionLoggerListener.log Command line argument: --add-opens=java.base/java.util.concurrent=ALL-UNNAMED
15-Mar-2023 02:57:50.719 INFO [main] org.apache.catalina.startup.VersionLoggerListener.log Command line argument: --add-opens=java.rmi/sun.rmi.transport=ALL-UNNAMED
15-Mar-2023 02:57:50.719 INFO [main] org.apache.catalina.startup.VersionLoggerListener.log Command line argument: -Dcatalina.base=C:\Users\Zaza\Documents\Sekolah 2\Y2\Sem 2\IM2073\Web Programming\actual project\smack\tomcat
15-Mar-2023 02:57:50.719 INFO [main] org.apache.catalina.startup.VersionLoggerListener.log Command line argument: -Dcatalina.home=C:\Users\Zaza\Documents\Sekolah 2\Y2\Sem 2\IM2073\Web Programming\actual project\smack\tomcat
15-Mar-2023 02:57:50.719 INFO [main] org.apache.catalina.startup.VersionLoggerListener.log Command line argument: -Djava.io.tmpdir=C:\Users\Zaza\Documents\Sekolah 2\Y2\Sem 2\IM2073\Web Programming\actual project\smack\tomcat\temp
15-Mar-2023 02:57:50.735 INFO [main] org.apache.catalina.core.AprLifecycleListener.lifecycleEvent The Apache Tomcat Native library which allows using OpenSSL was not found on the java.library.path: [C:\Program Files\Eclipse Adoptium\jdk-11.0.13.8-hotspot\bin;C:\WINDOWS\Sun\Java\bin;C:\WINDOWS\system32;C:\WINDOWS;C:\Program Files\PlasticSCM5\server;C:\Program Files\PlasticSCM5\client;C:\Program Files\Common Files\Oracle\Java\javapath;C:\Program Files\Eclipse Adoptium\jdk-11.0.13.8-hotspot\bin;C:\Python310\Scripts\;C:\Python310\;C:\Program Files (x86)\Common Files\Oracle\Java\javapath;C:\Program Files (x86)\Common Files\Intel\Shared Libraries\redist\intel64_win\compiler;C:\Windows\system32;C:\Windows;C:\Windows\System32\Wbem;C:\Windows\System32\WindowsPowerShell\v1.0\;C:\Windows\System32\OpenSSH\;C:\Program Files\NVIDIA Corporation\NVIDIA NvDLISR;C:\Strawberry\c\bin;C:\Strawberry\perl\site\bin;C:\Strawberry\perl\bin;C:\Program Files\dotnet\;C:\msys64\mingw64\bin;C:\Program Files\nodejs\;C:\ProgramData\chocolatey\bin;C:\Program Files\PuTTY\;C:\Program Files (x86)\NVIDIA Corporation\PhysX\Common;C:\Program Files (x86)\Pulse Secure\VC142.CRT\X64\;C:\Program Files (x86)\Pulse Secure\VC142.CRT\X86\;C:\Program Files (x86)\ZeroTier\One\;C:\Program Files\youtube-dl;C:\Program Files\Git\cmd;C:\WINDOWS\system32;C:\WINDOWS;C:\WINDOWS\System32\Wbem;C:\WINDOWS\System32\WindowsPowerShell\v1.0\;C:\WINDOWS\System32\OpenSSH\;C:\Program Files\Docker\Docker\resources\bin;C:\Users\Zaza\AppData\Local\Microsoft\WindowsApps;C:\Users\Zaza\AppData\Local\Programs\Microsoft VS Code\bin;C:\Program Files\JetBrains\PyCharm Community Edition 2021.1\bin;C:\Users\Zaza\.dotnet\tools;C:\Users\Zaza\AppData\Roaming\npm;C:\Users\Zaza\AppData\Local\GitHubDesktop\bin;C:\Users\Zaza\AppData\Local\JetBrains\Toolbox\scripts;;.]
15-Mar-2023 02:57:51.158 INFO [main] org.apache.coyote.AbstractProtocol.init Initializing ProtocolHandler ["http-nio-9999"]
15-Mar-2023 02:57:51.221 INFO [main] org.apache.catalina.startup.Catalina.load Server initialization in [863] milliseconds
15-Mar-2023 02:57:51.363 INFO [main] org.apache.catalina.core.StandardService.startInternal Starting service [Catalina]
15-Mar-2023 02:57:51.363 INFO [main] org.apache.catalina.core.StandardEngine.startInternal Starting Servlet engine: [Apache Tomcat/10.1.7]
15-Mar-2023 02:57:51.410 INFO [main] org.apache.catalina.startup.HostConfig.deployDirectory Deploying web application directory [C:\Users\Zaza\Documents\Sekolah 2\Y2\Sem 2\IM2073\Web Programming\actual project\smack\tomcat\webapps\api]
15-Mar-2023 02:57:52.508 INFO [main] org.apache.jasper.servlet.TldScanner.scanJars At least one JAR was scanned for TLDs yet contained no TLDs. Enable debug logging for this logger for a complete list of JARs that were scanned but no TLDs were found in them. Skipping unneeded JARs during scanning can improve startup time and JSP compilation time.
15-Mar-2023 02:57:53.043 WARNING [main] org.apache.catalina.util.SessionIdGeneratorBase.createSecureRandom Creation of SecureRandom instance for session ID generation using [SHA1PRNG] took [503] milliseconds.
15-Mar-2023 02:57:53.089 INFO [main] org.apache.catalina.startup.HostConfig.deployDirectory Deployment of web application directory [C:\Users\Zaza\Documents\Sekolah 2\Y2\Sem 2\IM2073\Web Programming\actual project\smack\tomcat\webapps\api] has finished in [1,679] ms
15-Mar-2023 02:57:53.089 INFO [main] org.apache.catalina.startup.HostConfig.deployDirectory Deploying web application directory [C:\Users\Zaza\Documents\Sekolah 2\Y2\Sem 2\IM2073\Web Programming\actual project\smack\tomcat\webapps\docs]
15-Mar-2023 02:57:53.482 INFO [main] org.apache.jasper.servlet.TldScanner.scanJars At least one JAR was scanned for TLDs yet contained no TLDs. Enable debug logging for this logger for a complete list of JARs that were scanned but no TLDs were found in them. Skipping unneeded JARs during scanning can improve startup time and JSP compilation time.
15-Mar-2023 02:57:53.497 INFO [main] org.apache.catalina.startup.HostConfig.deployDirectory Deployment of web application directory [C:\Users\Zaza\Documents\Sekolah 2\Y2\Sem 2\IM2073\Web Programming\actual project\smack\tomcat\webapps\docs] has finished in [408] ms
15-Mar-2023 02:57:53.497 INFO [main] org.apache.catalina.startup.HostConfig.deployDirectory Deploying web application directory [C:\Users\Zaza\Documents\Sekolah 2\Y2\Sem 2\IM2073\Web Programming\actual project\smack\tomcat\webapps\examples]
15-Mar-2023 02:57:54.266 INFO [main] org.apache.jasper.servlet.TldScanner.scanJars At least one JAR was scanned for TLDs yet contained no TLDs. Enable debug logging for this logger for a complete list of JARs that were scanned but no TLDs were found in them. Skipping unneeded JARs during scanning can improve startup time and JSP compilation time.
15-Mar-2023 02:57:54.360 INFO [main] org.apache.catalina.startup.HostConfig.deployDirectory Deployment of web application directory [C:\Users\Zaza\Documents\Sekolah 2\Y2\Sem 2\IM2073\Web Programming\actual project\smack\tomcat\webapps\examples] has finished in [863] ms
15-Mar-2023 02:57:54.360 INFO [main] org.apache.catalina.startup.HostConfig.deployDirectory Deploying web application directory [C:\Users\Zaza\Documents\Sekolah 2\Y2\Sem 2\IM2073\Web Programming\actual project\smack\tomcat\webapps\host-manager]
15-Mar-2023 02:57:54.878 INFO [main] org.apache.jasper.servlet.TldScanner.scanJars At least one JAR was scanned for TLDs yet contained no TLDs. Enable debug logging for this logger for a complete list of JARs that were scanned but no TLDs were found in them. Skipping unneeded JARs during scanning can improve startup time and JSP compilation time.
15-Mar-2023 02:57:54.878 INFO [main] org.apache.catalina.startup.HostConfig.deployDirectory Deployment of web application directory [C:\Users\Zaza\Documents\Sekolah 2\Y2\Sem 2\IM2073\Web Programming\actual project\smack\tomcat\webapps\host-manager] has finished in [518] ms
15-Mar-2023 02:57:54.878 INFO [main] org.apache.catalina.startup.HostConfig.deployDirectory Deploying web application directory [C:\Users\Zaza\Documents\Sekolah 2\Y2\Sem 2\IM2073\Web Programming\actual project\smack\tomcat\webapps\manager]
15-Mar-2023 02:57:55.317 INFO [main] org.apache.jasper.servlet.TldScanner.scanJars At least one JAR was scanned for TLDs yet contained no TLDs. Enable debug logging for this logger for a complete list of JARs that were scanned but no TLDs were found in them. Skipping unneeded JARs during scanning can improve startup time and JSP compilation time.
15-Mar-2023 02:57:55.321 INFO [main] org.apache.catalina.startup.HostConfig.deployDirectory Deployment of web application directory [C:\Users\Zaza\Documents\Sekolah 2\Y2\Sem 2\IM2073\Web Programming\actual project\smack\tomcat\webapps\manager] has finished in [443] ms
15-Mar-2023 02:57:55.321 INFO [main] org.apache.catalina.startup.HostConfig.deployDirectory Deploying web application directory [C:\Users\Zaza\Documents\Sekolah 2\Y2\Sem 2\IM2073\Web Programming\actual project\smack\tomcat\webapps\ROOT]
15-Mar-2023 02:57:55.648 INFO [main] org.apache.jasper.servlet.TldScanner.scanJars At least one JAR was scanned for TLDs yet contained no TLDs. Enable debug logging for this logger for a complete list of JARs that were scanned but no TLDs were found in them. Skipping unneeded JARs during scanning can improve startup time and JSP compilation time.
15-Mar-2023 02:57:55.648 INFO [main] org.apache.catalina.startup.HostConfig.deployDirectory Deployment of web application directory [C:\Users\Zaza\Documents\Sekolah 2\Y2\Sem 2\IM2073\Web Programming\actual project\smack\tomcat\webapps\ROOT] has finished in [327] ms
15-Mar-2023 02:57:55.648 INFO [main] org.apache.coyote.AbstractProtocol.start Starting ProtocolHandler ["http-nio-9999"]
15-Mar-2023 02:57:56.168 INFO [main] org.apache.catalina.startup.Catalina.start Server startup in [4940] milliseconds
15-Mar-2023 03:02:06.265 INFO [Catalina-utility-1] org.apache.catalina.core.StandardContext.reload Reloading Context with name [/api] has started
15-Mar-2023 03:02:06.673 INFO [Catalina-utility-1] org.apache.jasper.servlet.TldScanner.scanJars At least one JAR was scanned for TLDs yet contained no TLDs. Enable debug logging for this logger for a complete list of JARs that were scanned but no TLDs were found in them. Skipping unneeded JARs during scanning can improve startup time and JSP compilation time.
15-Mar-2023 03:02:06.673 INFO [Catalina-utility-1] org.apache.catalina.core.StandardContext.reload Reloading Context with name [/api] is completed
15-Mar-2023 03:14:28.496 INFO [Catalina-utility-1] org.apache.catalina.core.StandardContext.reload Reloading Context with name [/api] has started
15-Mar-2023 03:14:28.841 INFO [Catalina-utility-1] org.apache.jasper.servlet.TldScanner.scanJars At least one JAR was scanned for TLDs yet contained no TLDs. Enable debug logging for this logger for a complete list of JARs that were scanned but no TLDs were found in them. Skipping unneeded JARs during scanning can improve startup time and JSP compilation time.
15-Mar-2023 03:14:28.856 INFO [Catalina-utility-1] org.apache.catalina.core.StandardContext.reload Reloading Context with name [/api] is completed
15-Mar-2023 03:14:58.921 INFO [Catalina-utility-1] org.apache.catalina.core.StandardContext.reload Reloading Context with name [/api] has started
15-Mar-2023 03:14:59.360 INFO [Catalina-utility-1] org.apache.jasper.servlet.TldScanner.scanJars At least one JAR was scanned for TLDs yet contained no TLDs. Enable debug logging for this logger for a complete list of JARs that were scanned but no TLDs were found in them. Skipping unneeded JARs during scanning can improve startup time and JSP compilation time.
15-Mar-2023 03:14:59.360 INFO [Catalina-utility-1] org.apache.catalina.core.StandardContext.reload Reloading Context with name [/api] is completed
15-Mar-2023 03:16:09.500 INFO [Catalina-utility-2] org.apache.catalina.core.StandardContext.reload Reloading Context with name [/api] has started
15-Mar-2023 03:16:09.861 INFO [Catalina-utility-2] org.apache.jasper.servlet.TldScanner.scanJars At least one JAR was scanned for TLDs yet contained no TLDs. Enable debug logging for this logger for a complete list of JARs that were scanned but no TLDs were found in them. Skipping unneeded JARs during scanning can improve startup time and JSP compilation time.
15-Mar-2023 03:16:09.861 INFO [Catalina-utility-2] org.apache.catalina.core.StandardContext.reload Reloading Context with name [/api] is completed
15-Mar-2023 03:16:29.899 INFO [Catalina-utility-1] org.apache.catalina.core.StandardContext.reload Reloading Context with name [/api] has started
15-Mar-2023 03:16:30.243 INFO [Catalina-utility-1] org.apache.jasper.servlet.TldScanner.scanJars At least one JAR was scanned for TLDs yet contained no TLDs. Enable debug logging for this logger for a complete list of JARs that were scanned but no TLDs were found in them. Skipping unneeded JARs during scanning can improve startup time and JSP compilation time.
15-Mar-2023 03:16:30.243 INFO [Catalina-utility-1] org.apache.catalina.core.StandardContext.reload Reloading Context with name [/api] is completed
15-Mar-2023 03:19:30.656 INFO [Catalina-utility-2] org.apache.catalina.core.StandardContext.reload Reloading Context with name [/api] has started
15-Mar-2023 03:19:31.033 INFO [Catalina-utility-2] org.apache.jasper.servlet.TldScanner.scanJars At least one JAR was scanned for TLDs yet contained no TLDs. Enable debug logging for this logger for a complete list of JARs that were scanned but no TLDs were found in them. Skipping unneeded JARs during scanning can improve startup time and JSP compilation time.
15-Mar-2023 03:19:31.033 INFO [Catalina-utility-2] org.apache.catalina.core.StandardContext.reload Reloading Context with name [/api] is completed
15-Mar-2023 04:31:31.049 INFO [Catalina-utility-2] org.apache.catalina.core.StandardContext.reload Reloading Context with name [/api] has started
15-Mar-2023 04:31:31.513 INFO [Catalina-utility-2] org.apache.jasper.servlet.TldScanner.scanJars At least one JAR was scanned for TLDs yet contained no TLDs. Enable debug logging for this logger for a complete list of JARs that were scanned but no TLDs were found in them. Skipping unneeded JARs during scanning can improve startup time and JSP compilation time.
15-Mar-2023 04:31:31.520 INFO [Catalina-utility-2] org.apache.catalina.core.StandardContext.reload Reloading Context with name [/api] is completed
15-Mar-2023 04:31:41.548 INFO [Catalina-utility-1] org.apache.catalina.core.StandardContext.reload Reloading Context with name [/api] has started
15-Mar-2023 04:31:42.018 INFO [Catalina-utility-1] org.apache.jasper.servlet.TldScanner.scanJars At least one JAR was scanned for TLDs yet contained no TLDs. Enable debug logging for this logger for a complete list of JARs that were scanned but no TLDs were found in them. Skipping unneeded JARs during scanning can improve startup time and JSP compilation time.
15-Mar-2023 04:31:42.018 INFO [Catalina-utility-1] org.apache.catalina.core.StandardContext.reload Reloading Context with name [/api] is completed
15-Mar-2023 04:31:52.061 INFO [Catalina-utility-2] org.apache.catalina.core.StandardContext.reload Reloading Context with name [/api] has started
15-Mar-2023 04:31:52.437 INFO [Catalina-utility-2] org.apache.jasper.servlet.TldScanner.scanJars At least one JAR was scanned for TLDs yet contained no TLDs. Enable debug logging for this logger for a complete list of JARs that were scanned but no TLDs were found in them. Skipping unneeded JARs during scanning can improve startup time and JSP compilation time.
15-Mar-2023 04:31:52.440 INFO [Catalina-utility-2] org.apache.catalina.core.StandardContext.reload Reloading Context with name [/api] is completed
15-Mar-2023 04:33:32.659 INFO [Catalina-utility-1] org.apache.catalina.core.StandardContext.reload Reloading Context with name [/api] has started
15-Mar-2023 04:33:32.988 INFO [Catalina-utility-1] org.apache.jasper.servlet.TldScanner.scanJars At least one JAR was scanned for TLDs yet contained no TLDs. Enable debug logging for this logger for a complete list of JARs that were scanned but no TLDs were found in them. Skipping unneeded JARs during scanning can improve startup time and JSP compilation time.
15-Mar-2023 04:33:32.988 INFO [Catalina-utility-1] org.apache.catalina.core.StandardContext.reload Reloading Context with name [/api] is completed
15-Mar-2023 04:38:03.626 INFO [Catalina-utility-1] org.apache.catalina.core.StandardContext.reload Reloading Context with name [/api] has started
15-Mar-2023 04:38:03.941 INFO [Catalina-utility-1] org.apache.jasper.servlet.TldScanner.scanJars At least one JAR was scanned for TLDs yet contained no TLDs. Enable debug logging for this logger for a complete list of JARs that were scanned but no TLDs were found in them. Skipping unneeded JARs during scanning can improve startup time and JSP compilation time.
15-Mar-2023 04:38:03.941 INFO [Catalina-utility-1] org.apache.catalina.core.StandardContext.reload Reloading Context with name [/api] is completed
15-Mar-2023 04:43:34.708 INFO [Catalina-utility-2] org.apache.catalina.core.StandardContext.reload Reloading Context with name [/api] has started
15-Mar-2023 04:43:35.069 INFO [Catalina-utility-2] org.apache.jasper.servlet.TldScanner.scanJars At least one JAR was scanned for TLDs yet contained no TLDs. Enable debug logging for this logger for a complete list of JARs that were scanned but no TLDs were found in them. Skipping unneeded JARs during scanning can improve startup time and JSP compilation time.
15-Mar-2023 04:43:35.069 INFO [Catalina-utility-2] org.apache.catalina.core.StandardContext.reload Reloading Context with name [/api] is completed
15-Mar-2023 04:43:45.107 INFO [Catalina-utility-1] org.apache.catalina.core.StandardContext.reload Reloading Context with name [/api] has started
15-Mar-2023 04:43:45.484 INFO [Catalina-utility-1] org.apache.jasper.servlet.TldScanner.scanJars At least one JAR was scanned for TLDs yet contained no TLDs. Enable debug logging for this logger for a complete list of JARs that were scanned but no TLDs were found in them. Skipping unneeded JARs during scanning can improve startup time and JSP compilation time.
15-Mar-2023 04:43:45.484 INFO [Catalina-utility-1] org.apache.catalina.core.StandardContext.reload Reloading Context with name [/api] is completed
15-Mar-2023 04:43:55.505 INFO [Catalina-utility-1] org.apache.catalina.core.StandardContext.reload Reloading Context with name [/api] has started
15-Mar-2023 04:43:55.851 INFO [Catalina-utility-1] org.apache.jasper.servlet.TldScanner.scanJars At least one JAR was scanned for TLDs yet contained no TLDs. Enable debug logging for this logger for a complete list of JARs that were scanned but no TLDs were found in them. Skipping unneeded JARs during scanning can improve startup time and JSP compilation time.
15-Mar-2023 04:43:55.851 INFO [Catalina-utility-1] org.apache.catalina.core.StandardContext.reload Reloading Context with name [/api] is completed
15-Mar-2023 04:44:15.896 INFO [Catalina-utility-1] org.apache.catalina.core.StandardContext.reload Reloading Context with name [/api] has started
15-Mar-2023 04:44:16.241 INFO [Catalina-utility-1] org.apache.jasper.servlet.TldScanner.scanJars At least one JAR was scanned for TLDs yet contained no TLDs. Enable debug logging for this logger for a complete list of JARs that were scanned but no TLDs were found in them. Skipping unneeded JARs during scanning can improve startup time and JSP compilation time.
15-Mar-2023 04:44:16.241 INFO [Catalina-utility-1] org.apache.catalina.core.StandardContext.reload Reloading Context with name [/api] is completed
15-Mar-2023 04:44:56.356 INFO [Catalina-utility-2] org.apache.catalina.core.StandardContext.reload Reloading Context with name [/api] has started
15-Mar-2023 04:44:56.749 INFO [Catalina-utility-2] org.apache.jasper.servlet.TldScanner.scanJars At least one JAR was scanned for TLDs yet contained no TLDs. Enable debug logging for this logger for a complete list of JARs that were scanned but no TLDs were found in them. Skipping unneeded JARs during scanning can improve startup time and JSP compilation time.
15-Mar-2023 04:44:56.749 INFO [Catalina-utility-2] org.apache.catalina.core.StandardContext.reload Reloading Context with name [/api] is completed
15-Mar-2023 04:45:06.780 INFO [Catalina-utility-2] org.apache.catalina.core.StandardContext.reload Reloading Context with name [/api] has started
15-Mar-2023 04:45:07.110 INFO [Catalina-utility-2] org.apache.jasper.servlet.TldScanner.scanJars At least one JAR was scanned for TLDs yet contained no TLDs. Enable debug logging for this logger for a complete list of JARs that were scanned but no TLDs were found in them. Skipping unneeded JARs during scanning can improve startup time and JSP compilation time.
15-Mar-2023 04:45:07.110 INFO [Catalina-utility-2] org.apache.catalina.core.StandardContext.reload Reloading Context with name [/api] is completed
15-Mar-2023 04:45:37.175 INFO [Catalina-utility-1] org.apache.catalina.core.StandardContext.reload Reloading Context with name [/api] has started
15-Mar-2023 04:45:37.534 INFO [Catalina-utility-1] org.apache.jasper.servlet.TldScanner.scanJars At least one JAR was scanned for TLDs yet contained no TLDs. Enable debug logging for this logger for a complete list of JARs that were scanned but no TLDs were found in them. Skipping unneeded JARs during scanning can improve startup time and JSP compilation time.
15-Mar-2023 04:45:37.534 INFO [Catalina-utility-1] org.apache.catalina.core.StandardContext.reload Reloading Context with name [/api] is completed
15-Mar-2023 04:46:07.592 INFO [Catalina-utility-2] org.apache.catalina.core.StandardContext.reload Reloading Context with name [/api] has started
15-Mar-2023 04:46:07.938 INFO [Catalina-utility-2] org.apache.jasper.servlet.TldScanner.scanJars At least one JAR was scanned for TLDs yet contained no TLDs. Enable debug logging for this logger for a complete list of JARs that were scanned but no TLDs were found in them. Skipping unneeded JARs during scanning can improve startup time and JSP compilation time.
15-Mar-2023 04:46:07.952 INFO [Catalina-utility-2] org.apache.catalina.core.StandardContext.reload Reloading Context with name [/api] is completed
15-Mar-2023 04:46:17.980 INFO [Catalina-utility-2] org.apache.catalina.core.StandardContext.reload Reloading Context with name [/api] has started
15-Mar-2023 04:46:18.326 INFO [Catalina-utility-2] org.apache.jasper.servlet.TldScanner.scanJars At least one JAR was scanned for TLDs yet contained no TLDs. Enable debug logging for this logger for a complete list of JARs that were scanned but no TLDs were found in them. Skipping unneeded JARs during scanning can improve startup time and JSP compilation time.
15-Mar-2023 04:46:18.326 INFO [Catalina-utility-2] org.apache.catalina.core.StandardContext.reload Reloading Context with name [/api] is completed
