16-Mar-2023 00:30:38.697 INFO [main] org.apache.catalina.startup.VersionLoggerListener.log Server version name:   Apache Tomcat/10.1.7
16-Mar-2023 00:30:38.703 INFO [main] org.apache.catalina.startup.VersionLoggerListener.log Server built:          Feb 27 2023 20:25:27 UTC
16-Mar-2023 00:30:38.704 INFO [main] org.apache.catalina.startup.VersionLoggerListener.log Server version number: 10.1.7.0
16-Mar-2023 00:30:38.704 INFO [main] org.apache.catalina.startup.VersionLoggerListener.log OS Name:               Windows 10
16-Mar-2023 00:30:38.705 INFO [main] org.apache.catalina.startup.VersionLoggerListener.log OS Version:            10.0
16-Mar-2023 00:30:38.705 INFO [main] org.apache.catalina.startup.VersionLoggerListener.log Architecture:          amd64
16-Mar-2023 00:30:38.706 INFO [main] org.apache.catalina.startup.VersionLoggerListener.log Java Home:             C:\Program Files\Eclipse Adoptium\jdk-11.0.13.8-hotspot
16-Mar-2023 00:30:38.707 INFO [main] org.apache.catalina.startup.VersionLoggerListener.log JVM Version:           11.0.13+8
16-Mar-2023 00:30:38.708 INFO [main] org.apache.catalina.startup.VersionLoggerListener.log JVM Vendor:            Eclipse Adoptium
16-Mar-2023 00:30:38.708 INFO [main] org.apache.catalina.startup.VersionLoggerListener.log CATALINA_BASE:         C:\Users\Zaza\Documents\Sekolah 2\Y2\Sem 2\IM2073\Web Programming\actual project\smack\tomcat
16-Mar-2023 00:30:38.709 INFO [main] org.apache.catalina.startup.VersionLoggerListener.log CATALINA_HOME:         C:\Users\Zaza\Documents\Sekolah 2\Y2\Sem 2\IM2073\Web Programming\actual project\smack\tomcat
16-Mar-2023 00:30:38.736 INFO [main] org.apache.catalina.startup.VersionLoggerListener.log Command line argument: -Djava.util.logging.config.file=C:\Users\Zaza\Documents\Sekolah 2\Y2\Sem 2\IM2073\Web Programming\actual project\smack\tomcat\conf\logging.properties
16-Mar-2023 00:30:38.736 INFO [main] org.apache.catalina.startup.VersionLoggerListener.log Command line argument: -Djava.util.logging.manager=org.apache.juli.ClassLoaderLogManager
16-Mar-2023 00:30:38.737 INFO [main] org.apache.catalina.startup.VersionLoggerListener.log Command line argument: -Djdk.tls.ephemeralDHKeySize=2048
16-Mar-2023 00:30:38.737 INFO [main] org.apache.catalina.startup.VersionLoggerListener.log Command line argument: -Djava.protocol.handler.pkgs=org.apache.catalina.webresources
16-Mar-2023 00:30:38.737 INFO [main] org.apache.catalina.startup.VersionLoggerListener.log Command line argument: --add-opens=java.base/java.lang=ALL-UNNAMED
16-Mar-2023 00:30:38.737 INFO [main] org.apache.catalina.startup.VersionLoggerListener.log Command line argument: --add-opens=java.base/java.io=ALL-UNNAMED
16-Mar-2023 00:30:38.738 INFO [main] org.apache.catalina.startup.VersionLoggerListener.log Command line argument: --add-opens=java.base/java.util=ALL-UNNAMED
16-Mar-2023 00:30:38.738 INFO [main] org.apache.catalina.startup.VersionLoggerListener.log Command line argument: --add-opens=java.base/java.util.concurrent=ALL-UNNAMED
16-Mar-2023 00:30:38.738 INFO [main] org.apache.catalina.startup.VersionLoggerListener.log Command line argument: --add-opens=java.rmi/sun.rmi.transport=ALL-UNNAMED
16-Mar-2023 00:30:38.738 INFO [main] org.apache.catalina.startup.VersionLoggerListener.log Command line argument: -Dcatalina.base=C:\Users\Zaza\Documents\Sekolah 2\Y2\Sem 2\IM2073\Web Programming\actual project\smack\tomcat
16-Mar-2023 00:30:38.739 INFO [main] org.apache.catalina.startup.VersionLoggerListener.log Command line argument: -Dcatalina.home=C:\Users\Zaza\Documents\Sekolah 2\Y2\Sem 2\IM2073\Web Programming\actual project\smack\tomcat
16-Mar-2023 00:30:38.739 INFO [main] org.apache.catalina.startup.VersionLoggerListener.log Command line argument: -Djava.io.tmpdir=C:\Users\Zaza\Documents\Sekolah 2\Y2\Sem 2\IM2073\Web Programming\actual project\smack\tomcat\temp
16-Mar-2023 00:30:38.751 INFO [main] org.apache.catalina.core.AprLifecycleListener.lifecycleEvent The Apache Tomcat Native library which allows using OpenSSL was not found on the java.library.path: [C:\Program Files\Eclipse Adoptium\jdk-11.0.13.8-hotspot\bin;C:\WINDOWS\Sun\Java\bin;C:\WINDOWS\system32;C:\WINDOWS;C:\Program Files\PlasticSCM5\server;C:\Program Files\PlasticSCM5\client;C:\Program Files\Common Files\Oracle\Java\javapath;C:\Program Files\Eclipse Adoptium\jdk-11.0.13.8-hotspot\bin;C:\Python310\Scripts\;C:\Python310\;C:\Program Files (x86)\Common Files\Oracle\Java\javapath;C:\Program Files (x86)\Common Files\Intel\Shared Libraries\redist\intel64_win\compiler;C:\Windows\system32;C:\Windows;C:\Windows\System32\Wbem;C:\Windows\System32\WindowsPowerShell\v1.0\;C:\Windows\System32\OpenSSH\;C:\Program Files\NVIDIA Corporation\NVIDIA NvDLISR;C:\Strawberry\c\bin;C:\Strawberry\perl\site\bin;C:\Strawberry\perl\bin;C:\Program Files\dotnet\;C:\msys64\mingw64\bin;C:\Program Files\nodejs\;C:\ProgramData\chocolatey\bin;C:\Program Files\PuTTY\;C:\Program Files (x86)\NVIDIA Corporation\PhysX\Common;C:\Program Files (x86)\Pulse Secure\VC142.CRT\X64\;C:\Program Files (x86)\Pulse Secure\VC142.CRT\X86\;C:\Program Files (x86)\ZeroTier\One\;C:\Program Files\youtube-dl;C:\Program Files\Git\cmd;C:\WINDOWS\system32;C:\WINDOWS;C:\WINDOWS\System32\Wbem;C:\WINDOWS\System32\WindowsPowerShell\v1.0\;C:\WINDOWS\System32\OpenSSH\;C:\Program Files\Docker\Docker\resources\bin;C:\Users\Zaza\AppData\Local\Microsoft\WindowsApps;C:\Users\Zaza\AppData\Local\Programs\Microsoft VS Code\bin;C:\Program Files\JetBrains\PyCharm Community Edition 2021.1\bin;C:\Users\Zaza\.dotnet\tools;C:\Users\Zaza\AppData\Roaming\npm;C:\Users\Zaza\AppData\Local\GitHubDesktop\bin;C:\Users\Zaza\AppData\Local\JetBrains\Toolbox\scripts;;.]
16-Mar-2023 00:30:39.151 INFO [main] org.apache.coyote.AbstractProtocol.init Initializing ProtocolHandler ["http-nio-9999"]
16-Mar-2023 00:30:39.221 INFO [main] org.apache.catalina.startup.Catalina.load Server initialization in [867] milliseconds
16-Mar-2023 00:30:39.363 INFO [main] org.apache.catalina.core.StandardService.startInternal Starting service [Catalina]
16-Mar-2023 00:30:39.364 INFO [main] org.apache.catalina.core.StandardEngine.startInternal Starting Servlet engine: [Apache Tomcat/10.1.7]
16-Mar-2023 00:30:39.404 INFO [main] org.apache.catalina.startup.HostConfig.deployDirectory Deploying web application directory [C:\Users\Zaza\Documents\Sekolah 2\Y2\Sem 2\IM2073\Web Programming\actual project\smack\tomcat\webapps\api]
16-Mar-2023 00:30:40.531 INFO [main] org.apache.jasper.servlet.TldScanner.scanJars At least one JAR was scanned for TLDs yet contained no TLDs. Enable debug logging for this logger for a complete list of JARs that were scanned but no TLDs were found in them. Skipping unneeded JARs during scanning can improve startup time and JSP compilation time.
16-Mar-2023 00:30:41.086 WARNING [main] org.apache.catalina.util.SessionIdGeneratorBase.createSecureRandom Creation of SecureRandom instance for session ID generation using [SHA1PRNG] took [520] milliseconds.
16-Mar-2023 00:30:41.129 INFO [main] org.apache.catalina.startup.HostConfig.deployDirectory Deployment of web application directory [C:\Users\Zaza\Documents\Sekolah 2\Y2\Sem 2\IM2073\Web Programming\actual project\smack\tomcat\webapps\api] has finished in [1,726] ms
16-Mar-2023 00:30:41.130 INFO [main] org.apache.catalina.startup.HostConfig.deployDirectory Deploying web application directory [C:\Users\Zaza\Documents\Sekolah 2\Y2\Sem 2\IM2073\Web Programming\actual project\smack\tomcat\webapps\docs]
16-Mar-2023 00:30:41.522 INFO [main] org.apache.jasper.servlet.TldScanner.scanJars At least one JAR was scanned for TLDs yet contained no TLDs. Enable debug logging for this logger for a complete list of JARs that were scanned but no TLDs were found in them. Skipping unneeded JARs during scanning can improve startup time and JSP compilation time.
16-Mar-2023 00:30:41.526 INFO [main] org.apache.catalina.startup.HostConfig.deployDirectory Deployment of web application directory [C:\Users\Zaza\Documents\Sekolah 2\Y2\Sem 2\IM2073\Web Programming\actual project\smack\tomcat\webapps\docs] has finished in [395] ms
16-Mar-2023 00:30:41.527 INFO [main] org.apache.catalina.startup.HostConfig.deployDirectory Deploying web application directory [C:\Users\Zaza\Documents\Sekolah 2\Y2\Sem 2\IM2073\Web Programming\actual project\smack\tomcat\webapps\examples]
16-Mar-2023 00:30:42.308 INFO [main] org.apache.jasper.servlet.TldScanner.scanJars At least one JAR was scanned for TLDs yet contained no TLDs. Enable debug logging for this logger for a complete list of JARs that were scanned but no TLDs were found in them. Skipping unneeded JARs during scanning can improve startup time and JSP compilation time.
16-Mar-2023 00:30:42.389 INFO [main] org.apache.catalina.startup.HostConfig.deployDirectory Deployment of web application directory [C:\Users\Zaza\Documents\Sekolah 2\Y2\Sem 2\IM2073\Web Programming\actual project\smack\tomcat\webapps\examples] has finished in [863] ms
16-Mar-2023 00:30:42.390 INFO [main] org.apache.catalina.startup.HostConfig.deployDirectory Deploying web application directory [C:\Users\Zaza\Documents\Sekolah 2\Y2\Sem 2\IM2073\Web Programming\actual project\smack\tomcat\webapps\host-manager]
16-Mar-2023 00:30:42.790 INFO [main] org.apache.jasper.servlet.TldScanner.scanJars At least one JAR was scanned for TLDs yet contained no TLDs. Enable debug logging for this logger for a complete list of JARs that were scanned but no TLDs were found in them. Skipping unneeded JARs during scanning can improve startup time and JSP compilation time.
16-Mar-2023 00:30:42.799 INFO [main] org.apache.catalina.startup.HostConfig.deployDirectory Deployment of web application directory [C:\Users\Zaza\Documents\Sekolah 2\Y2\Sem 2\IM2073\Web Programming\actual project\smack\tomcat\webapps\host-manager] has finished in [410] ms
16-Mar-2023 00:30:42.799 INFO [main] org.apache.catalina.startup.HostConfig.deployDirectory Deploying web application directory [C:\Users\Zaza\Documents\Sekolah 2\Y2\Sem 2\IM2073\Web Programming\actual project\smack\tomcat\webapps\manager]
16-Mar-2023 00:30:43.159 INFO [main] org.apache.jasper.servlet.TldScanner.scanJars At least one JAR was scanned for TLDs yet contained no TLDs. Enable debug logging for this logger for a complete list of JARs that were scanned but no TLDs were found in them. Skipping unneeded JARs during scanning can improve startup time and JSP compilation time.
16-Mar-2023 00:30:43.163 INFO [main] org.apache.catalina.startup.HostConfig.deployDirectory Deployment of web application directory [C:\Users\Zaza\Documents\Sekolah 2\Y2\Sem 2\IM2073\Web Programming\actual project\smack\tomcat\webapps\manager] has finished in [364] ms
16-Mar-2023 00:30:43.164 INFO [main] org.apache.catalina.startup.HostConfig.deployDirectory Deploying web application directory [C:\Users\Zaza\Documents\Sekolah 2\Y2\Sem 2\IM2073\Web Programming\actual project\smack\tomcat\webapps\ROOT]
16-Mar-2023 00:30:43.500 INFO [main] org.apache.jasper.servlet.TldScanner.scanJars At least one JAR was scanned for TLDs yet contained no TLDs. Enable debug logging for this logger for a complete list of JARs that were scanned but no TLDs were found in them. Skipping unneeded JARs during scanning can improve startup time and JSP compilation time.
16-Mar-2023 00:30:43.503 INFO [main] org.apache.catalina.startup.HostConfig.deployDirectory Deployment of web application directory [C:\Users\Zaza\Documents\Sekolah 2\Y2\Sem 2\IM2073\Web Programming\actual project\smack\tomcat\webapps\ROOT] has finished in [340] ms
16-Mar-2023 00:30:43.505 INFO [main] org.apache.coyote.AbstractProtocol.start Starting ProtocolHandler ["http-nio-9999"]
16-Mar-2023 00:30:44.031 INFO [main] org.apache.catalina.startup.Catalina.start Server startup in [4810] milliseconds
16-Mar-2023 00:44:55.622 INFO [Catalina-utility-1] org.apache.catalina.core.StandardContext.reload Reloading Context with name [/api] has started
16-Mar-2023 00:44:55.966 INFO [Catalina-utility-1] org.apache.jasper.servlet.TldScanner.scanJars At least one JAR was scanned for TLDs yet contained no TLDs. Enable debug logging for this logger for a complete list of JARs that were scanned but no TLDs were found in them. Skipping unneeded JARs during scanning can improve startup time and JSP compilation time.
16-Mar-2023 00:44:55.969 INFO [Catalina-utility-1] org.apache.catalina.core.StandardContext.reload Reloading Context with name [/api] is completed
16-Mar-2023 00:47:06.278 INFO [Catalina-utility-1] org.apache.catalina.core.StandardContext.reload Reloading Context with name [/api] has started
16-Mar-2023 00:47:06.623 INFO [Catalina-utility-1] org.apache.jasper.servlet.TldScanner.scanJars At least one JAR was scanned for TLDs yet contained no TLDs. Enable debug logging for this logger for a complete list of JARs that were scanned but no TLDs were found in them. Skipping unneeded JARs during scanning can improve startup time and JSP compilation time.
16-Mar-2023 00:47:06.626 INFO [Catalina-utility-1] org.apache.catalina.core.StandardContext.reload Reloading Context with name [/api] is completed
16-Mar-2023 00:55:40.539 INFO [http-nio-9999-exec-18] org.apache.coyote.http11.Http11Processor.service Error parsing HTTP request header
 Note: further occurrences of HTTP request parsing errors will be logged at DEBUG level.
	java.lang.IllegalArgumentException: Invalid character found in the request target [/api/help?quantity=1&listing_id=0&user_id=[object%20Object] ]. The valid characters are defined in RFC 7230 and RFC 3986
		at org.apache.coyote.http11.Http11InputBuffer.parseRequestLine(Http11InputBuffer.java:482)
		at org.apache.coyote.http11.Http11Processor.service(Http11Processor.java:263)
		at org.apache.coyote.AbstractProcessorLight.process(AbstractProcessorLight.java:63)
		at org.apache.coyote.AbstractProtocol$ConnectionHandler.process(AbstractProtocol.java:894)
		at org.apache.tomcat.util.net.NioEndpoint$SocketProcessor.doRun(NioEndpoint.java:1741)
		at org.apache.tomcat.util.net.SocketProcessorBase.run(SocketProcessorBase.java:52)
		at org.apache.tomcat.util.threads.ThreadPoolExecutor.runWorker(ThreadPoolExecutor.java:1191)
		at org.apache.tomcat.util.threads.ThreadPoolExecutor$Worker.run(ThreadPoolExecutor.java:659)
		at org.apache.tomcat.util.threads.TaskThread$WrappingRunnable.run(TaskThread.java:61)
		at java.base/java.lang.Thread.run(Thread.java:829)
16-Mar-2023 01:10:50.041 INFO [Catalina-utility-2] org.apache.catalina.core.StandardContext.reload Reloading Context with name [/api] has started
16-Mar-2023 01:10:50.416 INFO [Catalina-utility-2] org.apache.jasper.servlet.TldScanner.scanJars At least one JAR was scanned for TLDs yet contained no TLDs. Enable debug logging for this logger for a complete list of JARs that were scanned but no TLDs were found in them. Skipping unneeded JARs during scanning can improve startup time and JSP compilation time.
16-Mar-2023 01:10:50.419 INFO [Catalina-utility-2] org.apache.catalina.core.StandardContext.reload Reloading Context with name [/api] is completed
16-Mar-2023 01:12:00.588 INFO [Catalina-utility-2] org.apache.catalina.core.StandardContext.reload Reloading Context with name [/api] has started
16-Mar-2023 01:12:00.955 INFO [Catalina-utility-2] org.apache.jasper.servlet.TldScanner.scanJars At least one JAR was scanned for TLDs yet contained no TLDs. Enable debug logging for this logger for a complete list of JARs that were scanned but no TLDs were found in them. Skipping unneeded JARs during scanning can improve startup time and JSP compilation time.
16-Mar-2023 01:12:00.958 INFO [Catalina-utility-2] org.apache.catalina.core.StandardContext.reload Reloading Context with name [/api] is completed
16-Mar-2023 01:16:01.597 INFO [Catalina-utility-2] org.apache.catalina.core.StandardContext.reload Reloading Context with name [/api] has started
16-Mar-2023 01:16:01.937 INFO [Catalina-utility-2] org.apache.jasper.servlet.TldScanner.scanJars At least one JAR was scanned for TLDs yet contained no TLDs. Enable debug logging for this logger for a complete list of JARs that were scanned but no TLDs were found in them. Skipping unneeded JARs during scanning can improve startup time and JSP compilation time.
16-Mar-2023 01:16:01.939 INFO [Catalina-utility-2] org.apache.catalina.core.StandardContext.reload Reloading Context with name [/api] is completed
16-Mar-2023 01:22:22.851 INFO [Catalina-utility-1] org.apache.catalina.core.StandardContext.reload Reloading Context with name [/api] has started
16-Mar-2023 01:22:23.194 INFO [Catalina-utility-1] org.apache.jasper.servlet.TldScanner.scanJars At least one JAR was scanned for TLDs yet contained no TLDs. Enable debug logging for this logger for a complete list of JARs that were scanned but no TLDs were found in them. Skipping unneeded JARs during scanning can improve startup time and JSP compilation time.
16-Mar-2023 01:22:23.196 INFO [Catalina-utility-1] org.apache.catalina.core.StandardContext.reload Reloading Context with name [/api] is completed
16-Mar-2023 01:37:05.266 INFO [Catalina-utility-1] org.apache.catalina.core.StandardContext.reload Reloading Context with name [/api] has started
16-Mar-2023 01:37:05.641 INFO [Catalina-utility-1] org.apache.jasper.servlet.TldScanner.scanJars At least one JAR was scanned for TLDs yet contained no TLDs. Enable debug logging for this logger for a complete list of JARs that were scanned but no TLDs were found in them. Skipping unneeded JARs during scanning can improve startup time and JSP compilation time.
16-Mar-2023 01:37:05.644 INFO [Catalina-utility-1] org.apache.catalina.core.StandardContext.reload Reloading Context with name [/api] is completed
16-Mar-2023 01:37:15.668 INFO [Catalina-utility-1] org.apache.catalina.core.StandardContext.reload Reloading Context with name [/api] has started
16-Mar-2023 01:37:15.979 INFO [Catalina-utility-1] org.apache.jasper.servlet.TldScanner.scanJars At least one JAR was scanned for TLDs yet contained no TLDs. Enable debug logging for this logger for a complete list of JARs that were scanned but no TLDs were found in them. Skipping unneeded JARs during scanning can improve startup time and JSP compilation time.
16-Mar-2023 01:37:15.982 INFO [Catalina-utility-1] org.apache.catalina.core.StandardContext.reload Reloading Context with name [/api] is completed
16-Mar-2023 01:38:46.193 INFO [Catalina-utility-1] org.apache.catalina.core.StandardContext.reload Reloading Context with name [/api] has started
16-Mar-2023 01:38:46.581 INFO [Catalina-utility-1] org.apache.jasper.servlet.TldScanner.scanJars At least one JAR was scanned for TLDs yet contained no TLDs. Enable debug logging for this logger for a complete list of JARs that were scanned but no TLDs were found in them. Skipping unneeded JARs during scanning can improve startup time and JSP compilation time.
16-Mar-2023 01:38:46.583 INFO [Catalina-utility-1] org.apache.catalina.core.StandardContext.reload Reloading Context with name [/api] is completed
16-Mar-2023 01:38:56.621 INFO [Catalina-utility-2] org.apache.catalina.core.StandardContext.reload Reloading Context with name [/api] has started
16-Mar-2023 01:38:56.964 INFO [Catalina-utility-2] org.apache.jasper.servlet.TldScanner.scanJars At least one JAR was scanned for TLDs yet contained no TLDs. Enable debug logging for this logger for a complete list of JARs that were scanned but no TLDs were found in them. Skipping unneeded JARs during scanning can improve startup time and JSP compilation time.
16-Mar-2023 01:38:56.968 INFO [Catalina-utility-2] org.apache.catalina.core.StandardContext.reload Reloading Context with name [/api] is completed
16-Mar-2023 01:39:17.017 INFO [Catalina-utility-1] org.apache.catalina.core.StandardContext.reload Reloading Context with name [/api] has started
16-Mar-2023 01:39:17.379 INFO [Catalina-utility-1] org.apache.jasper.servlet.TldScanner.scanJars At least one JAR was scanned for TLDs yet contained no TLDs. Enable debug logging for this logger for a complete list of JARs that were scanned but no TLDs were found in them. Skipping unneeded JARs during scanning can improve startup time and JSP compilation time.
16-Mar-2023 01:39:17.382 INFO [Catalina-utility-1] org.apache.catalina.core.StandardContext.reload Reloading Context with name [/api] is completed
16-Mar-2023 02:19:22.809 INFO [Catalina-utility-1] org.apache.catalina.core.StandardContext.reload Reloading Context with name [/api] has started
16-Mar-2023 02:19:23.149 INFO [Catalina-utility-1] org.apache.jasper.servlet.TldScanner.scanJars At least one JAR was scanned for TLDs yet contained no TLDs. Enable debug logging for this logger for a complete list of JARs that were scanned but no TLDs were found in them. Skipping unneeded JARs during scanning can improve startup time and JSP compilation time.
16-Mar-2023 02:19:23.151 INFO [Catalina-utility-1] org.apache.catalina.core.StandardContext.reload Reloading Context with name [/api] is completed
16-Mar-2023 02:22:03.510 INFO [Catalina-utility-1] org.apache.catalina.core.StandardContext.reload Reloading Context with name [/api] has started
16-Mar-2023 02:22:03.908 INFO [Catalina-utility-1] org.apache.jasper.servlet.TldScanner.scanJars At least one JAR was scanned for TLDs yet contained no TLDs. Enable debug logging for this logger for a complete list of JARs that were scanned but no TLDs were found in them. Skipping unneeded JARs during scanning can improve startup time and JSP compilation time.
16-Mar-2023 02:22:03.910 INFO [Catalina-utility-1] org.apache.catalina.core.StandardContext.reload Reloading Context with name [/api] is completed
16-Mar-2023 02:22:13.926 INFO [Catalina-utility-2] org.apache.catalina.core.StandardContext.reload Reloading Context with name [/api] has started
16-Mar-2023 02:22:14.272 INFO [Catalina-utility-2] org.apache.jasper.servlet.TldScanner.scanJars At least one JAR was scanned for TLDs yet contained no TLDs. Enable debug logging for this logger for a complete list of JARs that were scanned but no TLDs were found in them. Skipping unneeded JARs during scanning can improve startup time and JSP compilation time.
16-Mar-2023 02:22:14.274 INFO [Catalina-utility-2] org.apache.catalina.core.StandardContext.reload Reloading Context with name [/api] is completed
16-Mar-2023 02:30:35.448 INFO [Catalina-utility-1] org.apache.catalina.core.StandardContext.reload Reloading Context with name [/api] has started
16-Mar-2023 02:30:35.840 INFO [Catalina-utility-1] org.apache.jasper.servlet.TldScanner.scanJars At least one JAR was scanned for TLDs yet contained no TLDs. Enable debug logging for this logger for a complete list of JARs that were scanned but no TLDs were found in them. Skipping unneeded JARs during scanning can improve startup time and JSP compilation time.
16-Mar-2023 02:30:35.843 INFO [Catalina-utility-1] org.apache.catalina.core.StandardContext.reload Reloading Context with name [/api] is completed
16-Mar-2023 02:30:45.870 INFO [Catalina-utility-2] org.apache.catalina.core.StandardContext.reload Reloading Context with name [/api] has started
16-Mar-2023 02:30:46.204 INFO [Catalina-utility-2] org.apache.jasper.servlet.TldScanner.scanJars At least one JAR was scanned for TLDs yet contained no TLDs. Enable debug logging for this logger for a complete list of JARs that were scanned but no TLDs were found in them. Skipping unneeded JARs during scanning can improve startup time and JSP compilation time.
16-Mar-2023 02:30:46.207 INFO [Catalina-utility-2] org.apache.catalina.core.StandardContext.reload Reloading Context with name [/api] is completed
16-Mar-2023 03:07:11.311 INFO [Catalina-utility-1] org.apache.catalina.core.StandardContext.reload Reloading Context with name [/api] has started
16-Mar-2023 03:07:11.880 INFO [Catalina-utility-1] org.apache.jasper.servlet.TldScanner.scanJars At least one JAR was scanned for TLDs yet contained no TLDs. Enable debug logging for this logger for a complete list of JARs that were scanned but no TLDs were found in them. Skipping unneeded JARs during scanning can improve startup time and JSP compilation time.
16-Mar-2023 03:07:11.882 INFO [Catalina-utility-1] org.apache.catalina.core.StandardContext.reload Reloading Context with name [/api] is completed
16-Mar-2023 03:56:48.773 INFO [Catalina-utility-1] org.apache.catalina.core.StandardContext.reload Reloading Context with name [/api] has started
16-Mar-2023 03:56:49.172 INFO [Catalina-utility-1] org.apache.jasper.servlet.TldScanner.scanJars At least one JAR was scanned for TLDs yet contained no TLDs. Enable debug logging for this logger for a complete list of JARs that were scanned but no TLDs were found in them. Skipping unneeded JARs during scanning can improve startup time and JSP compilation time.
16-Mar-2023 03:56:49.174 INFO [Catalina-utility-1] org.apache.catalina.core.StandardContext.reload Reloading Context with name [/api] is completed
16-Mar-2023 03:56:59.203 INFO [Catalina-utility-2] org.apache.catalina.core.StandardContext.reload Reloading Context with name [/api] has started
16-Mar-2023 03:56:59.564 INFO [Catalina-utility-2] org.apache.jasper.servlet.TldScanner.scanJars At least one JAR was scanned for TLDs yet contained no TLDs. Enable debug logging for this logger for a complete list of JARs that were scanned but no TLDs were found in them. Skipping unneeded JARs during scanning can improve startup time and JSP compilation time.
16-Mar-2023 03:56:59.566 INFO [Catalina-utility-2] org.apache.catalina.core.StandardContext.reload Reloading Context with name [/api] is completed
16-Mar-2023 03:57:29.622 INFO [Catalina-utility-1] org.apache.catalina.core.StandardContext.reload Reloading Context with name [/api] has started
16-Mar-2023 03:57:29.992 INFO [Catalina-utility-1] org.apache.jasper.servlet.TldScanner.scanJars At least one JAR was scanned for TLDs yet contained no TLDs. Enable debug logging for this logger for a complete list of JARs that were scanned but no TLDs were found in them. Skipping unneeded JARs during scanning can improve startup time and JSP compilation time.
16-Mar-2023 03:57:29.994 INFO [Catalina-utility-1] org.apache.catalina.core.StandardContext.reload Reloading Context with name [/api] is completed
16-Mar-2023 04:29:54.483 INFO [Catalina-utility-1] org.apache.catalina.startup.HostConfig.reload Reloading context []
16-Mar-2023 04:29:54.483 INFO [Catalina-utility-1] org.apache.catalina.core.StandardContext.reload Reloading Context with name [] has started
16-Mar-2023 04:29:54.511 SEVERE [Catalina-utility-1] org.apache.tomcat.util.digester.Digester.fatalError Parse fatal error at line [1] column [1]
	org.xml.sax.SAXParseException; systemId: file:/C:/Users/Zaza/Documents/Sekolah%202/Y2/Sem%202/IM2073/Web%20Programming/actual%20project/smack/tomcat/webapps/ROOT/WEB-INF/web.xml; lineNumber: 1; columnNumber: 1; Premature end of file.
		at java.xml/com.sun.org.apache.xerces.internal.util.ErrorHandlerWrapper.createSAXParseException(ErrorHandlerWrapper.java:204)
		at java.xml/com.sun.org.apache.xerces.internal.util.ErrorHandlerWrapper.fatalError(ErrorHandlerWrapper.java:178)
		at java.xml/com.sun.org.apache.xerces.internal.impl.XMLErrorReporter.reportError(XMLErrorReporter.java:400)
		at java.xml/com.sun.org.apache.xerces.internal.impl.XMLErrorReporter.reportError(XMLErrorReporter.java:327)
		at java.xml/com.sun.org.apache.xerces.internal.impl.XMLScanner.reportFatalError(XMLScanner.java:1471)
		at java.xml/com.sun.org.apache.xerces.internal.impl.XMLDocumentScannerImpl$PrologDriver.next(XMLDocumentScannerImpl.java:1013)
		at java.xml/com.sun.org.apache.xerces.internal.impl.XMLDocumentScannerImpl.next(XMLDocumentScannerImpl.java:605)
		at java.xml/com.sun.org.apache.xerces.internal.impl.XMLDocumentFragmentScannerImpl.scanDocument(XMLDocumentFragmentScannerImpl.java:534)
		at java.xml/com.sun.org.apache.xerces.internal.parsers.XML11Configuration.parse(XML11Configuration.java:888)
		at java.xml/com.sun.org.apache.xerces.internal.parsers.XML11Configuration.parse(XML11Configuration.java:824)
		at java.xml/com.sun.org.apache.xerces.internal.parsers.XMLParser.parse(XMLParser.java:141)
		at java.xml/com.sun.org.apache.xerces.internal.parsers.AbstractSAXParser.parse(AbstractSAXParser.java:1216)
		at java.xml/com.sun.org.apache.xerces.internal.jaxp.SAXParserImpl$JAXPSAXParser.parse(SAXParserImpl.java:635)
		at org.apache.tomcat.util.digester.Digester.parse(Digester.java:1522)
		at org.apache.tomcat.util.descriptor.web.WebXmlParser.parseWebXml(WebXmlParser.java:119)
		at org.apache.catalina.startup.ContextConfig.webConfig(ContextConfig.java:1278)
		at org.apache.catalina.startup.ContextConfig.configureStart(ContextConfig.java:987)
		at org.apache.catalina.startup.ContextConfig.lifecycleEvent(ContextConfig.java:304)
		at org.apache.catalina.util.LifecycleBase.fireLifecycleEvent(LifecycleBase.java:123)
		at org.apache.catalina.core.StandardContext.startInternal(StandardContext.java:4797)
		at org.apache.catalina.util.LifecycleBase.start(LifecycleBase.java:183)
		at org.apache.catalina.core.StandardContext.reload(StandardContext.java:3553)
		at org.apache.catalina.startup.HostConfig.reload(HostConfig.java:1481)
		at org.apache.catalina.startup.HostConfig.checkResources(HostConfig.java:1453)
		at org.apache.catalina.startup.HostConfig.check(HostConfig.java:1692)
		at org.apache.catalina.startup.HostConfig.lifecycleEvent(HostConfig.java:305)
		at org.apache.catalina.util.LifecycleBase.fireLifecycleEvent(LifecycleBase.java:123)
		at org.apache.catalina.core.ContainerBase.backgroundProcess(ContainerBase.java:1102)
		at org.apache.catalina.core.ContainerBase$ContainerBackgroundProcessor.processChildren(ContainerBase.java:1301)
		at org.apache.catalina.core.ContainerBase$ContainerBackgroundProcessor.processChildren(ContainerBase.java:1305)
		at org.apache.catalina.core.ContainerBase$ContainerBackgroundProcessor.run(ContainerBase.java:1283)
		at java.base/java.util.concurrent.Executors$RunnableAdapter.call(Executors.java:515)
		at java.base/java.util.concurrent.FutureTask.runAndReset(FutureTask.java:305)
		at java.base/java.util.concurrent.ScheduledThreadPoolExecutor$ScheduledFutureTask.run(ScheduledThreadPoolExecutor.java:305)
		at java.base/java.util.concurrent.ThreadPoolExecutor.runWorker(ThreadPoolExecutor.java:1128)
		at java.base/java.util.concurrent.ThreadPoolExecutor$Worker.run(ThreadPoolExecutor.java:628)
		at org.apache.tomcat.util.threads.TaskThread$WrappingRunnable.run(TaskThread.java:61)
		at java.base/java.lang.Thread.run(Thread.java:829)
16-Mar-2023 04:29:54.514 SEVERE [Catalina-utility-1] org.apache.tomcat.util.descriptor.web.WebXmlParser.parseWebXml Parse error in application web.xml file at [file:/C:/Users/Zaza/Documents/Sekolah%202/Y2/Sem%202/IM2073/Web%20Programming/actual%20project/smack/tomcat/webapps/ROOT/WEB-INF/web.xml]
	org.xml.sax.SAXParseException; systemId: file:/C:/Users/Zaza/Documents/Sekolah%202/Y2/Sem%202/IM2073/Web%20Programming/actual%20project/smack/tomcat/webapps/ROOT/WEB-INF/web.xml; lineNumber: 1; columnNumber: 1; Premature end of file.
		at java.xml/com.sun.org.apache.xerces.internal.util.ErrorHandlerWrapper.createSAXParseException(ErrorHandlerWrapper.java:204)
		at java.xml/com.sun.org.apache.xerces.internal.util.ErrorHandlerWrapper.fatalError(ErrorHandlerWrapper.java:178)
		at java.xml/com.sun.org.apache.xerces.internal.impl.XMLErrorReporter.reportError(XMLErrorReporter.java:400)
		at java.xml/com.sun.org.apache.xerces.internal.impl.XMLErrorReporter.reportError(XMLErrorReporter.java:327)
		at java.xml/com.sun.org.apache.xerces.internal.impl.XMLScanner.reportFatalError(XMLScanner.java:1471)
		at java.xml/com.sun.org.apache.xerces.internal.impl.XMLDocumentScannerImpl$PrologDriver.next(XMLDocumentScannerImpl.java:1013)
		at java.xml/com.sun.org.apache.xerces.internal.impl.XMLDocumentScannerImpl.next(XMLDocumentScannerImpl.java:605)
		at java.xml/com.sun.org.apache.xerces.internal.impl.XMLDocumentFragmentScannerImpl.scanDocument(XMLDocumentFragmentScannerImpl.java:534)
		at java.xml/com.sun.org.apache.xerces.internal.parsers.XML11Configuration.parse(XML11Configuration.java:888)
		at java.xml/com.sun.org.apache.xerces.internal.parsers.XML11Configuration.parse(XML11Configuration.java:824)
		at java.xml/com.sun.org.apache.xerces.internal.parsers.XMLParser.parse(XMLParser.java:141)
		at java.xml/com.sun.org.apache.xerces.internal.parsers.AbstractSAXParser.parse(AbstractSAXParser.java:1216)
		at java.xml/com.sun.org.apache.xerces.internal.jaxp.SAXParserImpl$JAXPSAXParser.parse(SAXParserImpl.java:635)
		at org.apache.tomcat.util.digester.Digester.parse(Digester.java:1522)
		at org.apache.tomcat.util.descriptor.web.WebXmlParser.parseWebXml(WebXmlParser.java:119)
		at org.apache.catalina.startup.ContextConfig.webConfig(ContextConfig.java:1278)
		at org.apache.catalina.startup.ContextConfig.configureStart(ContextConfig.java:987)
		at org.apache.catalina.startup.ContextConfig.lifecycleEvent(ContextConfig.java:304)
		at org.apache.catalina.util.LifecycleBase.fireLifecycleEvent(LifecycleBase.java:123)
		at org.apache.catalina.core.StandardContext.startInternal(StandardContext.java:4797)
		at org.apache.catalina.util.LifecycleBase.start(LifecycleBase.java:183)
		at org.apache.catalina.core.StandardContext.reload(StandardContext.java:3553)
		at org.apache.catalina.startup.HostConfig.reload(HostConfig.java:1481)
		at org.apache.catalina.startup.HostConfig.checkResources(HostConfig.java:1453)
		at org.apache.catalina.startup.HostConfig.check(HostConfig.java:1692)
		at org.apache.catalina.startup.HostConfig.lifecycleEvent(HostConfig.java:305)
		at org.apache.catalina.util.LifecycleBase.fireLifecycleEvent(LifecycleBase.java:123)
		at org.apache.catalina.core.ContainerBase.backgroundProcess(ContainerBase.java:1102)
		at org.apache.catalina.core.ContainerBase$ContainerBackgroundProcessor.processChildren(ContainerBase.java:1301)
		at org.apache.catalina.core.ContainerBase$ContainerBackgroundProcessor.processChildren(ContainerBase.java:1305)
		at org.apache.catalina.core.ContainerBase$ContainerBackgroundProcessor.run(ContainerBase.java:1283)
		at java.base/java.util.concurrent.Executors$RunnableAdapter.call(Executors.java:515)
		at java.base/java.util.concurrent.FutureTask.runAndReset(FutureTask.java:305)
		at java.base/java.util.concurrent.ScheduledThreadPoolExecutor$ScheduledFutureTask.run(ScheduledThreadPoolExecutor.java:305)
		at java.base/java.util.concurrent.ThreadPoolExecutor.runWorker(ThreadPoolExecutor.java:1128)
		at java.base/java.util.concurrent.ThreadPoolExecutor$Worker.run(ThreadPoolExecutor.java:628)
		at org.apache.tomcat.util.threads.TaskThread$WrappingRunnable.run(TaskThread.java:61)
		at java.base/java.lang.Thread.run(Thread.java:829)
16-Mar-2023 04:29:54.518 SEVERE [Catalina-utility-1] org.apache.tomcat.util.descriptor.web.WebXmlParser.parseWebXml Occurred at line [1] column [1]
16-Mar-2023 04:29:54.520 SEVERE [Catalina-utility-1] org.apache.catalina.startup.ContextConfig.configureStart Marking this application unavailable due to previous error(s)
16-Mar-2023 04:29:54.521 SEVERE [Catalina-utility-1] org.apache.catalina.core.StandardContext.startInternal One or more components marked the context as not correctly configured
16-Mar-2023 04:29:54.521 SEVERE [Catalina-utility-1] org.apache.catalina.core.StandardContext.startInternal Context [] startup failed due to previous errors
16-Mar-2023 04:29:54.523 INFO [Catalina-utility-1] org.apache.catalina.core.StandardContext.reload Reloading Context with name [] is completed
16-Mar-2023 04:31:04.689 INFO [Catalina-utility-2] org.apache.catalina.startup.HostConfig.reload Reloading context []
16-Mar-2023 04:31:05.035 INFO [Catalina-utility-2] org.apache.jasper.servlet.TldScanner.scanJars At least one JAR was scanned for TLDs yet contained no TLDs. Enable debug logging for this logger for a complete list of JARs that were scanned but no TLDs were found in them. Skipping unneeded JARs during scanning can improve startup time and JSP compilation time.
16-Mar-2023 04:31:15.069 INFO [Catalina-utility-1] org.apache.catalina.startup.HostConfig.reload Reloading context []
16-Mar-2023 04:31:15.069 INFO [Catalina-utility-1] org.apache.catalina.core.StandardContext.reload Reloading Context with name [] has started
16-Mar-2023 04:31:15.460 INFO [Catalina-utility-1] org.apache.jasper.servlet.TldScanner.scanJars At least one JAR was scanned for TLDs yet contained no TLDs. Enable debug logging for this logger for a complete list of JARs that were scanned but no TLDs were found in them. Skipping unneeded JARs during scanning can improve startup time and JSP compilation time.
16-Mar-2023 04:31:15.462 INFO [Catalina-utility-1] org.apache.catalina.core.StandardContext.reload Reloading Context with name [] is completed
16-Mar-2023 04:31:27.035 INFO [Thread-1] org.apache.coyote.AbstractProtocol.pause Pausing ProtocolHandler ["http-nio-9999"]
16-Mar-2023 04:31:27.560 INFO [Thread-1] org.apache.catalina.core.StandardService.stopInternal Stopping service [Catalina]
16-Mar-2023 04:31:27.598 INFO [Thread-1] org.apache.coyote.AbstractProtocol.stop Stopping ProtocolHandler ["http-nio-9999"]
16-Mar-2023 04:31:27.643 INFO [Thread-1] org.apache.coyote.AbstractProtocol.destroy Destroying ProtocolHandler ["http-nio-9999"]
16-Mar-2023 04:31:34.092 INFO [main] org.apache.catalina.startup.VersionLoggerListener.log Server version name:   Apache Tomcat/10.1.7
16-Mar-2023 04:31:34.096 INFO [main] org.apache.catalina.startup.VersionLoggerListener.log Server built:          Feb 27 2023 20:25:27 UTC
16-Mar-2023 04:31:34.097 INFO [main] org.apache.catalina.startup.VersionLoggerListener.log Server version number: 10.1.7.0
16-Mar-2023 04:31:34.098 INFO [main] org.apache.catalina.startup.VersionLoggerListener.log OS Name:               Windows 10
16-Mar-2023 04:31:34.098 INFO [main] org.apache.catalina.startup.VersionLoggerListener.log OS Version:            10.0
16-Mar-2023 04:31:34.099 INFO [main] org.apache.catalina.startup.VersionLoggerListener.log Architecture:          amd64
16-Mar-2023 04:31:34.099 INFO [main] org.apache.catalina.startup.VersionLoggerListener.log Java Home:             C:\Program Files\Eclipse Adoptium\jdk-11.0.13.8-hotspot
16-Mar-2023 04:31:34.099 INFO [main] org.apache.catalina.startup.VersionLoggerListener.log JVM Version:           11.0.13+8
16-Mar-2023 04:31:34.100 INFO [main] org.apache.catalina.startup.VersionLoggerListener.log JVM Vendor:            Eclipse Adoptium
16-Mar-2023 04:31:34.100 INFO [main] org.apache.catalina.startup.VersionLoggerListener.log CATALINA_BASE:         C:\Users\Zaza\Documents\Sekolah 2\Y2\Sem 2\IM2073\Web Programming\actual project\smack\tomcat
16-Mar-2023 04:31:34.100 INFO [main] org.apache.catalina.startup.VersionLoggerListener.log CATALINA_HOME:         C:\Users\Zaza\Documents\Sekolah 2\Y2\Sem 2\IM2073\Web Programming\actual project\smack\tomcat
16-Mar-2023 04:31:34.119 INFO [main] org.apache.catalina.startup.VersionLoggerListener.log Command line argument: -Djava.util.logging.config.file=C:\Users\Zaza\Documents\Sekolah 2\Y2\Sem 2\IM2073\Web Programming\actual project\smack\tomcat\conf\logging.properties
16-Mar-2023 04:31:34.120 INFO [main] org.apache.catalina.startup.VersionLoggerListener.log Command line argument: -Djava.util.logging.manager=org.apache.juli.ClassLoaderLogManager
16-Mar-2023 04:31:34.120 INFO [main] org.apache.catalina.startup.VersionLoggerListener.log Command line argument: -Djdk.tls.ephemeralDHKeySize=2048
16-Mar-2023 04:31:34.121 INFO [main] org.apache.catalina.startup.VersionLoggerListener.log Command line argument: -Djava.protocol.handler.pkgs=org.apache.catalina.webresources
16-Mar-2023 04:31:34.121 INFO [main] org.apache.catalina.startup.VersionLoggerListener.log Command line argument: --add-opens=java.base/java.lang=ALL-UNNAMED
16-Mar-2023 04:31:34.122 INFO [main] org.apache.catalina.startup.VersionLoggerListener.log Command line argument: --add-opens=java.base/java.io=ALL-UNNAMED
16-Mar-2023 04:31:34.122 INFO [main] org.apache.catalina.startup.VersionLoggerListener.log Command line argument: --add-opens=java.base/java.util=ALL-UNNAMED
16-Mar-2023 04:31:34.123 INFO [main] org.apache.catalina.startup.VersionLoggerListener.log Command line argument: --add-opens=java.base/java.util.concurrent=ALL-UNNAMED
16-Mar-2023 04:31:34.124 INFO [main] org.apache.catalina.startup.VersionLoggerListener.log Command line argument: --add-opens=java.rmi/sun.rmi.transport=ALL-UNNAMED
16-Mar-2023 04:31:34.124 INFO [main] org.apache.catalina.startup.VersionLoggerListener.log Command line argument: -Dcatalina.base=C:\Users\Zaza\Documents\Sekolah 2\Y2\Sem 2\IM2073\Web Programming\actual project\smack\tomcat
16-Mar-2023 04:31:34.124 INFO [main] org.apache.catalina.startup.VersionLoggerListener.log Command line argument: -Dcatalina.home=C:\Users\Zaza\Documents\Sekolah 2\Y2\Sem 2\IM2073\Web Programming\actual project\smack\tomcat
16-Mar-2023 04:31:34.125 INFO [main] org.apache.catalina.startup.VersionLoggerListener.log Command line argument: -Djava.io.tmpdir=C:\Users\Zaza\Documents\Sekolah 2\Y2\Sem 2\IM2073\Web Programming\actual project\smack\tomcat\temp
16-Mar-2023 04:31:34.137 INFO [main] org.apache.catalina.core.AprLifecycleListener.lifecycleEvent The Apache Tomcat Native library which allows using OpenSSL was not found on the java.library.path: [C:\Program Files\Eclipse Adoptium\jdk-11.0.13.8-hotspot\bin;C:\WINDOWS\Sun\Java\bin;C:\WINDOWS\system32;C:\WINDOWS;C:\Program Files\PlasticSCM5\server;C:\Program Files\PlasticSCM5\client;C:\Program Files\Common Files\Oracle\Java\javapath;C:\Program Files\Eclipse Adoptium\jdk-11.0.13.8-hotspot\bin;C:\Python310\Scripts\;C:\Python310\;C:\Program Files (x86)\Common Files\Oracle\Java\javapath;C:\Program Files (x86)\Common Files\Intel\Shared Libraries\redist\intel64_win\compiler;C:\Windows\system32;C:\Windows;C:\Windows\System32\Wbem;C:\Windows\System32\WindowsPowerShell\v1.0\;C:\Windows\System32\OpenSSH\;C:\Program Files\NVIDIA Corporation\NVIDIA NvDLISR;C:\Strawberry\c\bin;C:\Strawberry\perl\site\bin;C:\Strawberry\perl\bin;C:\Program Files\dotnet\;C:\msys64\mingw64\bin;C:\Program Files\nodejs\;C:\ProgramData\chocolatey\bin;C:\Program Files\PuTTY\;C:\Program Files (x86)\NVIDIA Corporation\PhysX\Common;C:\Program Files (x86)\Pulse Secure\VC142.CRT\X64\;C:\Program Files (x86)\Pulse Secure\VC142.CRT\X86\;C:\Program Files (x86)\ZeroTier\One\;C:\Program Files\youtube-dl;C:\Program Files\Git\cmd;C:\WINDOWS\system32;C:\WINDOWS;C:\WINDOWS\System32\Wbem;C:\WINDOWS\System32\WindowsPowerShell\v1.0\;C:\WINDOWS\System32\OpenSSH\;C:\Program Files\Docker\Docker\resources\bin;C:\Users\Zaza\AppData\Local\Microsoft\WindowsApps;C:\Users\Zaza\AppData\Local\Programs\Microsoft VS Code\bin;C:\Program Files\JetBrains\PyCharm Community Edition 2021.1\bin;C:\Users\Zaza\.dotnet\tools;C:\Users\Zaza\AppData\Roaming\npm;C:\Users\Zaza\AppData\Local\GitHubDesktop\bin;C:\Users\Zaza\AppData\Local\JetBrains\Toolbox\scripts;;.]
16-Mar-2023 04:31:34.561 INFO [main] org.apache.coyote.AbstractProtocol.init Initializing ProtocolHandler ["http-nio-9999"]
16-Mar-2023 04:31:34.628 INFO [main] org.apache.catalina.startup.Catalina.load Server initialization in [884] milliseconds
16-Mar-2023 04:31:34.772 INFO [main] org.apache.catalina.core.StandardService.startInternal Starting service [Catalina]
16-Mar-2023 04:31:34.773 INFO [main] org.apache.catalina.core.StandardEngine.startInternal Starting Servlet engine: [Apache Tomcat/10.1.7]
16-Mar-2023 04:31:34.807 INFO [main] org.apache.catalina.startup.HostConfig.deployDirectory Deploying web application directory [C:\Users\Zaza\Documents\Sekolah 2\Y2\Sem 2\IM2073\Web Programming\actual project\smack\tomcat\webapps\api]
16-Mar-2023 04:31:35.952 INFO [main] org.apache.jasper.servlet.TldScanner.scanJars At least one JAR was scanned for TLDs yet contained no TLDs. Enable debug logging for this logger for a complete list of JARs that were scanned but no TLDs were found in them. Skipping unneeded JARs during scanning can improve startup time and JSP compilation time.
16-Mar-2023 04:31:36.505 WARNING [main] org.apache.catalina.util.SessionIdGeneratorBase.createSecureRandom Creation of SecureRandom instance for session ID generation using [SHA1PRNG] took [516] milliseconds.
16-Mar-2023 04:31:36.543 INFO [main] org.apache.catalina.startup.HostConfig.deployDirectory Deployment of web application directory [C:\Users\Zaza\Documents\Sekolah 2\Y2\Sem 2\IM2073\Web Programming\actual project\smack\tomcat\webapps\api] has finished in [1,737] ms
16-Mar-2023 04:31:36.544 INFO [main] org.apache.catalina.startup.HostConfig.deployDirectory Deploying web application directory [C:\Users\Zaza\Documents\Sekolah 2\Y2\Sem 2\IM2073\Web Programming\actual project\smack\tomcat\webapps\docs]
16-Mar-2023 04:31:36.963 INFO [main] org.apache.jasper.servlet.TldScanner.scanJars At least one JAR was scanned for TLDs yet contained no TLDs. Enable debug logging for this logger for a complete list of JARs that were scanned but no TLDs were found in them. Skipping unneeded JARs during scanning can improve startup time and JSP compilation time.
16-Mar-2023 04:31:36.967 INFO [main] org.apache.catalina.startup.HostConfig.deployDirectory Deployment of web application directory [C:\Users\Zaza\Documents\Sekolah 2\Y2\Sem 2\IM2073\Web Programming\actual project\smack\tomcat\webapps\docs] has finished in [422] ms
16-Mar-2023 04:31:36.967 INFO [main] org.apache.catalina.startup.HostConfig.deployDirectory Deploying web application directory [C:\Users\Zaza\Documents\Sekolah 2\Y2\Sem 2\IM2073\Web Programming\actual project\smack\tomcat\webapps\examples]
16-Mar-2023 04:31:37.680 INFO [main] org.apache.jasper.servlet.TldScanner.scanJars At least one JAR was scanned for TLDs yet contained no TLDs. Enable debug logging for this logger for a complete list of JARs that were scanned but no TLDs were found in them. Skipping unneeded JARs during scanning can improve startup time and JSP compilation time.
16-Mar-2023 04:31:37.796 INFO [main] org.apache.catalina.startup.HostConfig.deployDirectory Deployment of web application directory [C:\Users\Zaza\Documents\Sekolah 2\Y2\Sem 2\IM2073\Web Programming\actual project\smack\tomcat\webapps\examples] has finished in [829] ms
16-Mar-2023 04:31:37.797 INFO [main] org.apache.catalina.startup.HostConfig.deployDirectory Deploying web application directory [C:\Users\Zaza\Documents\Sekolah 2\Y2\Sem 2\IM2073\Web Programming\actual project\smack\tomcat\webapps\host-manager]
16-Mar-2023 04:31:38.265 INFO [main] org.apache.jasper.servlet.TldScanner.scanJars At least one JAR was scanned for TLDs yet contained no TLDs. Enable debug logging for this logger for a complete list of JARs that were scanned but no TLDs were found in them. Skipping unneeded JARs during scanning can improve startup time and JSP compilation time.
16-Mar-2023 04:31:38.272 INFO [main] org.apache.catalina.startup.HostConfig.deployDirectory Deployment of web application directory [C:\Users\Zaza\Documents\Sekolah 2\Y2\Sem 2\IM2073\Web Programming\actual project\smack\tomcat\webapps\host-manager] has finished in [475] ms
16-Mar-2023 04:31:38.272 INFO [main] org.apache.catalina.startup.HostConfig.deployDirectory Deploying web application directory [C:\Users\Zaza\Documents\Sekolah 2\Y2\Sem 2\IM2073\Web Programming\actual project\smack\tomcat\webapps\manager]
16-Mar-2023 04:31:38.669 INFO [main] org.apache.jasper.servlet.TldScanner.scanJars At least one JAR was scanned for TLDs yet contained no TLDs. Enable debug logging for this logger for a complete list of JARs that were scanned but no TLDs were found in them. Skipping unneeded JARs during scanning can improve startup time and JSP compilation time.
16-Mar-2023 04:31:38.674 INFO [main] org.apache.catalina.startup.HostConfig.deployDirectory Deployment of web application directory [C:\Users\Zaza\Documents\Sekolah 2\Y2\Sem 2\IM2073\Web Programming\actual project\smack\tomcat\webapps\manager] has finished in [401] ms
16-Mar-2023 04:31:38.674 INFO [main] org.apache.catalina.startup.HostConfig.deployDirectory Deploying web application directory [C:\Users\Zaza\Documents\Sekolah 2\Y2\Sem 2\IM2073\Web Programming\actual project\smack\tomcat\webapps\ROOT]
16-Mar-2023 04:31:39.072 INFO [main] org.apache.jasper.servlet.TldScanner.scanJars At least one JAR was scanned for TLDs yet contained no TLDs. Enable debug logging for this logger for a complete list of JARs that were scanned but no TLDs were found in them. Skipping unneeded JARs during scanning can improve startup time and JSP compilation time.
16-Mar-2023 04:31:39.076 INFO [main] org.apache.catalina.startup.HostConfig.deployDirectory Deployment of web application directory [C:\Users\Zaza\Documents\Sekolah 2\Y2\Sem 2\IM2073\Web Programming\actual project\smack\tomcat\webapps\ROOT] has finished in [402] ms
16-Mar-2023 04:31:39.079 INFO [main] org.apache.coyote.AbstractProtocol.start Starting ProtocolHandler ["http-nio-9999"]
16-Mar-2023 04:31:39.604 INFO [main] org.apache.catalina.startup.Catalina.start Server startup in [4975] milliseconds
16-Mar-2023 04:36:13.835 INFO [Thread-1] org.apache.coyote.AbstractProtocol.pause Pausing ProtocolHandler ["http-nio-9999"]
16-Mar-2023 04:36:14.347 INFO [Thread-1] org.apache.catalina.core.StandardService.stopInternal Stopping service [Catalina]
16-Mar-2023 04:36:14.399 INFO [Thread-1] org.apache.coyote.AbstractProtocol.stop Stopping ProtocolHandler ["http-nio-9999"]
16-Mar-2023 04:36:14.416 INFO [Thread-1] org.apache.coyote.AbstractProtocol.destroy Destroying ProtocolHandler ["http-nio-9999"]
