14-Mar-2023 15:56:15.468 INFO [main] org.apache.catalina.startup.VersionLoggerListener.log Server version name:   Apache Tomcat/10.1.7
14-Mar-2023 15:56:15.472 INFO [main] org.apache.catalina.startup.VersionLoggerListener.log Server built:          Feb 27 2023 20:25:27 UTC
14-Mar-2023 15:56:15.472 INFO [main] org.apache.catalina.startup.VersionLoggerListener.log Server version number: 10.1.7.0
14-Mar-2023 15:56:15.472 INFO [main] org.apache.catalina.startup.VersionLoggerListener.log OS Name:               Windows 10
14-Mar-2023 15:56:15.472 INFO [main] org.apache.catalina.startup.VersionLoggerListener.log OS Version:            10.0
14-Mar-2023 15:56:15.476 INFO [main] org.apache.catalina.startup.VersionLoggerListener.log Architecture:          amd64
14-Mar-2023 15:56:15.476 INFO [main] org.apache.catalina.startup.VersionLoggerListener.log Java Home:             C:\Program Files\Eclipse Adoptium\jdk-11.0.13.8-hotspot
14-Mar-2023 15:56:15.476 INFO [main] org.apache.catalina.startup.VersionLoggerListener.log JVM Version:           11.0.13+8
14-Mar-2023 15:56:15.478 INFO [main] org.apache.catalina.startup.VersionLoggerListener.log JVM Vendor:            Eclipse Adoptium
14-Mar-2023 15:56:15.478 INFO [main] org.apache.catalina.startup.VersionLoggerListener.log CATALINA_BASE:         C:\Users\Zaza\Documents\Sekolah 2\Y2\Sem 2\IM2073\Web Programming\actual project\smack\tomcat
14-Mar-2023 15:56:15.478 INFO [main] org.apache.catalina.startup.VersionLoggerListener.log CATALINA_HOME:         C:\Users\Zaza\Documents\Sekolah 2\Y2\Sem 2\IM2073\Web Programming\actual project\smack\tomcat
14-Mar-2023 15:56:15.505 INFO [main] org.apache.catalina.startup.VersionLoggerListener.log Command line argument: -Djava.util.logging.config.file=C:\Users\Zaza\Documents\Sekolah 2\Y2\Sem 2\IM2073\Web Programming\actual project\smack\tomcat\conf\logging.properties
14-Mar-2023 15:56:15.505 INFO [main] org.apache.catalina.startup.VersionLoggerListener.log Command line argument: -Djava.util.logging.manager=org.apache.juli.ClassLoaderLogManager
14-Mar-2023 15:56:15.505 INFO [main] org.apache.catalina.startup.VersionLoggerListener.log Command line argument: -Djdk.tls.ephemeralDHKeySize=2048
14-Mar-2023 15:56:15.505 INFO [main] org.apache.catalina.startup.VersionLoggerListener.log Command line argument: -Djava.protocol.handler.pkgs=org.apache.catalina.webresources
14-Mar-2023 15:56:15.505 INFO [main] org.apache.catalina.startup.VersionLoggerListener.log Command line argument: --add-opens=java.base/java.lang=ALL-UNNAMED
14-Mar-2023 15:56:15.509 INFO [main] org.apache.catalina.startup.VersionLoggerListener.log Command line argument: --add-opens=java.base/java.io=ALL-UNNAMED
14-Mar-2023 15:56:15.509 INFO [main] org.apache.catalina.startup.VersionLoggerListener.log Command line argument: --add-opens=java.base/java.util=ALL-UNNAMED
14-Mar-2023 15:56:15.509 INFO [main] org.apache.catalina.startup.VersionLoggerListener.log Command line argument: --add-opens=java.base/java.util.concurrent=ALL-UNNAMED
14-Mar-2023 15:56:15.509 INFO [main] org.apache.catalina.startup.VersionLoggerListener.log Command line argument: --add-opens=java.rmi/sun.rmi.transport=ALL-UNNAMED
14-Mar-2023 15:56:15.509 INFO [main] org.apache.catalina.startup.VersionLoggerListener.log Command line argument: -Dcatalina.base=C:\Users\Zaza\Documents\Sekolah 2\Y2\Sem 2\IM2073\Web Programming\actual project\smack\tomcat
14-Mar-2023 15:56:15.509 INFO [main] org.apache.catalina.startup.VersionLoggerListener.log Command line argument: -Dcatalina.home=C:\Users\Zaza\Documents\Sekolah 2\Y2\Sem 2\IM2073\Web Programming\actual project\smack\tomcat
14-Mar-2023 15:56:15.509 INFO [main] org.apache.catalina.startup.VersionLoggerListener.log Command line argument: -Djava.io.tmpdir=C:\Users\Zaza\Documents\Sekolah 2\Y2\Sem 2\IM2073\Web Programming\actual project\smack\tomcat\temp
14-Mar-2023 15:56:15.521 INFO [main] org.apache.catalina.core.AprLifecycleListener.lifecycleEvent The Apache Tomcat Native library which allows using OpenSSL was not found on the java.library.path: [C:\Program Files\Eclipse Adoptium\jdk-11.0.13.8-hotspot\bin;C:\WINDOWS\Sun\Java\bin;C:\WINDOWS\system32;C:\WINDOWS;C:\Program Files\PlasticSCM5\server;C:\Program Files\PlasticSCM5\client;C:\Program Files\Common Files\Oracle\Java\javapath;C:\Program Files\Eclipse Adoptium\jdk-11.0.13.8-hotspot\bin;C:\Python310\Scripts\;C:\Python310\;C:\Program Files (x86)\Common Files\Oracle\Java\javapath;C:\Program Files (x86)\Common Files\Intel\Shared Libraries\redist\intel64_win\compiler;C:\Windows\system32;C:\Windows;C:\Windows\System32\Wbem;C:\Windows\System32\WindowsPowerShell\v1.0\;C:\Windows\System32\OpenSSH\;C:\Program Files\NVIDIA Corporation\NVIDIA NvDLISR;C:\Strawberry\c\bin;C:\Strawberry\perl\site\bin;C:\Strawberry\perl\bin;C:\Program Files\dotnet\;C:\msys64\mingw64\bin;C:\Program Files\nodejs\;C:\ProgramData\chocolatey\bin;C:\Program Files\PuTTY\;C:\Program Files (x86)\NVIDIA Corporation\PhysX\Common;C:\Program Files (x86)\Pulse Secure\VC142.CRT\X64\;C:\Program Files (x86)\Pulse Secure\VC142.CRT\X86\;C:\Program Files (x86)\ZeroTier\One\;C:\Program Files\youtube-dl;C:\Program Files\Git\cmd;C:\WINDOWS\system32;C:\WINDOWS;C:\WINDOWS\System32\Wbem;C:\WINDOWS\System32\WindowsPowerShell\v1.0\;C:\WINDOWS\System32\OpenSSH\;C:\Program Files\Docker\Docker\resources\bin;C:\Users\Zaza\AppData\Local\Microsoft\WindowsApps;C:\Users\Zaza\AppData\Local\Programs\Microsoft VS Code\bin;C:\Program Files\JetBrains\PyCharm Community Edition 2021.1\bin;C:\Users\Zaza\.dotnet\tools;C:\Users\Zaza\AppData\Roaming\npm;C:\Users\Zaza\AppData\Local\GitHubDesktop\bin;C:\Users\Zaza\AppData\Local\JetBrains\Toolbox\scripts;;.]
14-Mar-2023 15:56:15.950 INFO [main] org.apache.coyote.AbstractProtocol.init Initializing ProtocolHandler ["http-nio-9999"]
14-Mar-2023 15:56:16.026 INFO [main] org.apache.catalina.startup.Catalina.load Server initialization in [916] milliseconds
14-Mar-2023 15:56:16.174 INFO [main] org.apache.catalina.core.StandardService.startInternal Starting service [Catalina]
14-Mar-2023 15:56:16.178 INFO [main] org.apache.catalina.core.StandardEngine.startInternal Starting Servlet engine: [Apache Tomcat/10.1.7]
14-Mar-2023 15:56:16.206 INFO [main] org.apache.catalina.startup.HostConfig.deployDirectory Deploying web application directory [C:\Users\Zaza\Documents\Sekolah 2\Y2\Sem 2\IM2073\Web Programming\actual project\smack\tomcat\webapps\api]
14-Mar-2023 15:56:17.284 INFO [main] org.apache.jasper.servlet.TldScanner.scanJars At least one JAR was scanned for TLDs yet contained no TLDs. Enable debug logging for this logger for a complete list of JARs that were scanned but no TLDs were found in them. Skipping unneeded JARs during scanning can improve startup time and JSP compilation time.
14-Mar-2023 15:56:17.870 WARNING [main] org.apache.catalina.util.SessionIdGeneratorBase.createSecureRandom Creation of SecureRandom instance for session ID generation using [SHA1PRNG] took [549] milliseconds.
14-Mar-2023 15:56:17.921 INFO [main] org.apache.catalina.startup.HostConfig.deployDirectory Deployment of web application directory [C:\Users\Zaza\Documents\Sekolah 2\Y2\Sem 2\IM2073\Web Programming\actual project\smack\tomcat\webapps\api] has finished in [1,715] ms
14-Mar-2023 15:56:17.921 INFO [main] org.apache.catalina.startup.HostConfig.deployDirectory Deploying web application directory [C:\Users\Zaza\Documents\Sekolah 2\Y2\Sem 2\IM2073\Web Programming\actual project\smack\tomcat\webapps\docs]
14-Mar-2023 15:56:18.306 INFO [main] org.apache.jasper.servlet.TldScanner.scanJars At least one JAR was scanned for TLDs yet contained no TLDs. Enable debug logging for this logger for a complete list of JARs that were scanned but no TLDs were found in them. Skipping unneeded JARs during scanning can improve startup time and JSP compilation time.
14-Mar-2023 15:56:18.310 INFO [main] org.apache.catalina.startup.HostConfig.deployDirectory Deployment of web application directory [C:\Users\Zaza\Documents\Sekolah 2\Y2\Sem 2\IM2073\Web Programming\actual project\smack\tomcat\webapps\docs] has finished in [389] ms
14-Mar-2023 15:56:18.310 INFO [main] org.apache.catalina.startup.HostConfig.deployDirectory Deploying web application directory [C:\Users\Zaza\Documents\Sekolah 2\Y2\Sem 2\IM2073\Web Programming\actual project\smack\tomcat\webapps\examples]
14-Mar-2023 15:56:19.063 INFO [main] org.apache.jasper.servlet.TldScanner.scanJars At least one JAR was scanned for TLDs yet contained no TLDs. Enable debug logging for this logger for a complete list of JARs that were scanned but no TLDs were found in them. Skipping unneeded JARs during scanning can improve startup time and JSP compilation time.
14-Mar-2023 15:56:19.151 INFO [main] org.apache.catalina.startup.HostConfig.deployDirectory Deployment of web application directory [C:\Users\Zaza\Documents\Sekolah 2\Y2\Sem 2\IM2073\Web Programming\actual project\smack\tomcat\webapps\examples] has finished in [841] ms
14-Mar-2023 15:56:19.151 INFO [main] org.apache.catalina.startup.HostConfig.deployDirectory Deploying web application directory [C:\Users\Zaza\Documents\Sekolah 2\Y2\Sem 2\IM2073\Web Programming\actual project\smack\tomcat\webapps\host-manager]
14-Mar-2023 15:56:19.541 INFO [main] org.apache.jasper.servlet.TldScanner.scanJars At least one JAR was scanned for TLDs yet contained no TLDs. Enable debug logging for this logger for a complete list of JARs that were scanned but no TLDs were found in them. Skipping unneeded JARs during scanning can improve startup time and JSP compilation time.
14-Mar-2023 15:56:19.553 INFO [main] org.apache.catalina.startup.HostConfig.deployDirectory Deployment of web application directory [C:\Users\Zaza\Documents\Sekolah 2\Y2\Sem 2\IM2073\Web Programming\actual project\smack\tomcat\webapps\host-manager] has finished in [402] ms
14-Mar-2023 15:56:19.553 INFO [main] org.apache.catalina.startup.HostConfig.deployDirectory Deploying web application directory [C:\Users\Zaza\Documents\Sekolah 2\Y2\Sem 2\IM2073\Web Programming\actual project\smack\tomcat\webapps\manager]
14-Mar-2023 15:56:19.898 INFO [main] org.apache.jasper.servlet.TldScanner.scanJars At least one JAR was scanned for TLDs yet contained no TLDs. Enable debug logging for this logger for a complete list of JARs that were scanned but no TLDs were found in them. Skipping unneeded JARs during scanning can improve startup time and JSP compilation time.
14-Mar-2023 15:56:19.902 INFO [main] org.apache.catalina.startup.HostConfig.deployDirectory Deployment of web application directory [C:\Users\Zaza\Documents\Sekolah 2\Y2\Sem 2\IM2073\Web Programming\actual project\smack\tomcat\webapps\manager] has finished in [345] ms
14-Mar-2023 15:56:19.902 INFO [main] org.apache.catalina.startup.HostConfig.deployDirectory Deploying web application directory [C:\Users\Zaza\Documents\Sekolah 2\Y2\Sem 2\IM2073\Web Programming\actual project\smack\tomcat\webapps\ROOT]
14-Mar-2023 15:56:20.215 INFO [main] org.apache.jasper.servlet.TldScanner.scanJars At least one JAR was scanned for TLDs yet contained no TLDs. Enable debug logging for this logger for a complete list of JARs that were scanned but no TLDs were found in them. Skipping unneeded JARs during scanning can improve startup time and JSP compilation time.
14-Mar-2023 15:56:20.219 INFO [main] org.apache.catalina.startup.HostConfig.deployDirectory Deployment of web application directory [C:\Users\Zaza\Documents\Sekolah 2\Y2\Sem 2\IM2073\Web Programming\actual project\smack\tomcat\webapps\ROOT] has finished in [317] ms
14-Mar-2023 15:56:20.223 INFO [main] org.apache.coyote.AbstractProtocol.start Starting ProtocolHandler ["http-nio-9999"]
14-Mar-2023 15:56:20.768 INFO [main] org.apache.catalina.startup.Catalina.start Server startup in [4739] milliseconds
14-Mar-2023 15:56:36.447 INFO [main] org.apache.catalina.startup.VersionLoggerListener.log Server version name:   Apache Tomcat/10.1.7
14-Mar-2023 15:56:36.455 INFO [main] org.apache.catalina.startup.VersionLoggerListener.log Server built:          Feb 27 2023 20:25:27 UTC
14-Mar-2023 15:56:36.455 INFO [main] org.apache.catalina.startup.VersionLoggerListener.log Server version number: 10.1.7.0
14-Mar-2023 15:56:36.455 INFO [main] org.apache.catalina.startup.VersionLoggerListener.log OS Name:               Windows 10
14-Mar-2023 15:56:36.455 INFO [main] org.apache.catalina.startup.VersionLoggerListener.log OS Version:            10.0
14-Mar-2023 15:56:36.455 INFO [main] org.apache.catalina.startup.VersionLoggerListener.log Architecture:          amd64
14-Mar-2023 15:56:36.455 INFO [main] org.apache.catalina.startup.VersionLoggerListener.log Java Home:             C:\Program Files\Eclipse Adoptium\jdk-11.0.13.8-hotspot
14-Mar-2023 15:56:36.455 INFO [main] org.apache.catalina.startup.VersionLoggerListener.log JVM Version:           11.0.13+8
14-Mar-2023 15:56:36.455 INFO [main] org.apache.catalina.startup.VersionLoggerListener.log JVM Vendor:            Eclipse Adoptium
14-Mar-2023 15:56:36.459 INFO [main] org.apache.catalina.startup.VersionLoggerListener.log CATALINA_BASE:         C:\Users\Zaza\Documents\Sekolah 2\Y2\Sem 2\IM2073\Web Programming\actual project\smack\tomcat
14-Mar-2023 15:56:36.459 INFO [main] org.apache.catalina.startup.VersionLoggerListener.log CATALINA_HOME:         C:\Users\Zaza\Documents\Sekolah 2\Y2\Sem 2\IM2073\Web Programming\actual project\smack\tomcat
14-Mar-2023 15:56:36.475 INFO [main] org.apache.catalina.startup.VersionLoggerListener.log Command line argument: -Djava.util.logging.config.file=C:\Users\Zaza\Documents\Sekolah 2\Y2\Sem 2\IM2073\Web Programming\actual project\smack\tomcat\conf\logging.properties
14-Mar-2023 15:56:36.475 INFO [main] org.apache.catalina.startup.VersionLoggerListener.log Command line argument: -Djava.util.logging.manager=org.apache.juli.ClassLoaderLogManager
14-Mar-2023 15:56:36.479 INFO [main] org.apache.catalina.startup.VersionLoggerListener.log Command line argument: -Djdk.tls.ephemeralDHKeySize=2048
14-Mar-2023 15:56:36.479 INFO [main] org.apache.catalina.startup.VersionLoggerListener.log Command line argument: -Djava.protocol.handler.pkgs=org.apache.catalina.webresources
14-Mar-2023 15:56:36.479 INFO [main] org.apache.catalina.startup.VersionLoggerListener.log Command line argument: --add-opens=java.base/java.lang=ALL-UNNAMED
14-Mar-2023 15:56:36.479 INFO [main] org.apache.catalina.startup.VersionLoggerListener.log Command line argument: --add-opens=java.base/java.io=ALL-UNNAMED
14-Mar-2023 15:56:36.479 INFO [main] org.apache.catalina.startup.VersionLoggerListener.log Command line argument: --add-opens=java.base/java.util=ALL-UNNAMED
14-Mar-2023 15:56:36.479 INFO [main] org.apache.catalina.startup.VersionLoggerListener.log Command line argument: --add-opens=java.base/java.util.concurrent=ALL-UNNAMED
14-Mar-2023 15:56:36.479 INFO [main] org.apache.catalina.startup.VersionLoggerListener.log Command line argument: --add-opens=java.rmi/sun.rmi.transport=ALL-UNNAMED
14-Mar-2023 15:56:36.479 INFO [main] org.apache.catalina.startup.VersionLoggerListener.log Command line argument: -Dcatalina.base=C:\Users\Zaza\Documents\Sekolah 2\Y2\Sem 2\IM2073\Web Programming\actual project\smack\tomcat
14-Mar-2023 15:56:36.479 INFO [main] org.apache.catalina.startup.VersionLoggerListener.log Command line argument: -Dcatalina.home=C:\Users\Zaza\Documents\Sekolah 2\Y2\Sem 2\IM2073\Web Programming\actual project\smack\tomcat
14-Mar-2023 15:56:36.479 INFO [main] org.apache.catalina.startup.VersionLoggerListener.log Command line argument: -Djava.io.tmpdir=C:\Users\Zaza\Documents\Sekolah 2\Y2\Sem 2\IM2073\Web Programming\actual project\smack\tomcat\temp
14-Mar-2023 15:56:36.495 INFO [main] org.apache.catalina.core.AprLifecycleListener.lifecycleEvent The Apache Tomcat Native library which allows using OpenSSL was not found on the java.library.path: [C:\Program Files\Eclipse Adoptium\jdk-11.0.13.8-hotspot\bin;C:\WINDOWS\Sun\Java\bin;C:\WINDOWS\system32;C:\WINDOWS;C:\Program Files\PlasticSCM5\server;C:\Program Files\PlasticSCM5\client;C:\Program Files\Common Files\Oracle\Java\javapath;C:\Program Files\Eclipse Adoptium\jdk-11.0.13.8-hotspot\bin;C:\Python310\Scripts\;C:\Python310\;C:\Program Files (x86)\Common Files\Oracle\Java\javapath;C:\Program Files (x86)\Common Files\Intel\Shared Libraries\redist\intel64_win\compiler;C:\Windows\system32;C:\Windows;C:\Windows\System32\Wbem;C:\Windows\System32\WindowsPowerShell\v1.0\;C:\Windows\System32\OpenSSH\;C:\Program Files\NVIDIA Corporation\NVIDIA NvDLISR;C:\Strawberry\c\bin;C:\Strawberry\perl\site\bin;C:\Strawberry\perl\bin;C:\Program Files\dotnet\;C:\msys64\mingw64\bin;C:\Program Files\nodejs\;C:\ProgramData\chocolatey\bin;C:\Program Files\PuTTY\;C:\Program Files (x86)\NVIDIA Corporation\PhysX\Common;C:\Program Files (x86)\Pulse Secure\VC142.CRT\X64\;C:\Program Files (x86)\Pulse Secure\VC142.CRT\X86\;C:\Program Files (x86)\ZeroTier\One\;C:\Program Files\youtube-dl;C:\Program Files\Git\cmd;C:\WINDOWS\system32;C:\WINDOWS;C:\WINDOWS\System32\Wbem;C:\WINDOWS\System32\WindowsPowerShell\v1.0\;C:\WINDOWS\System32\OpenSSH\;C:\Program Files\Docker\Docker\resources\bin;C:\Users\Zaza\AppData\Local\Microsoft\WindowsApps;C:\Users\Zaza\AppData\Local\Programs\Microsoft VS Code\bin;C:\Program Files\JetBrains\PyCharm Community Edition 2021.1\bin;C:\Users\Zaza\.dotnet\tools;C:\Users\Zaza\AppData\Roaming\npm;C:\Users\Zaza\AppData\Local\GitHubDesktop\bin;C:\Users\Zaza\AppData\Local\JetBrains\Toolbox\scripts;;.]
14-Mar-2023 15:56:36.920 INFO [main] org.apache.coyote.AbstractProtocol.init Initializing ProtocolHandler ["http-nio-9999"]
14-Mar-2023 15:56:37.000 INFO [main] org.apache.catalina.startup.Catalina.load Server initialization in [905] milliseconds
14-Mar-2023 15:56:37.152 INFO [main] org.apache.catalina.core.StandardService.startInternal Starting service [Catalina]
14-Mar-2023 15:56:37.156 INFO [main] org.apache.catalina.core.StandardEngine.startInternal Starting Servlet engine: [Apache Tomcat/10.1.7]
14-Mar-2023 15:56:37.192 INFO [main] org.apache.catalina.startup.HostConfig.deployDirectory Deploying web application directory [C:\Users\Zaza\Documents\Sekolah 2\Y2\Sem 2\IM2073\Web Programming\actual project\smack\tomcat\webapps\api]
14-Mar-2023 15:56:38.286 INFO [main] org.apache.jasper.servlet.TldScanner.scanJars At least one JAR was scanned for TLDs yet contained no TLDs. Enable debug logging for this logger for a complete list of JARs that were scanned but no TLDs were found in them. Skipping unneeded JARs during scanning can improve startup time and JSP compilation time.
14-Mar-2023 15:56:38.855 WARNING [main] org.apache.catalina.util.SessionIdGeneratorBase.createSecureRandom Creation of SecureRandom instance for session ID generation using [SHA1PRNG] took [533] milliseconds.
14-Mar-2023 15:56:38.899 INFO [main] org.apache.catalina.startup.HostConfig.deployDirectory Deployment of web application directory [C:\Users\Zaza\Documents\Sekolah 2\Y2\Sem 2\IM2073\Web Programming\actual project\smack\tomcat\webapps\api] has finished in [1,707] ms
14-Mar-2023 15:56:38.899 INFO [main] org.apache.catalina.startup.HostConfig.deployDirectory Deploying web application directory [C:\Users\Zaza\Documents\Sekolah 2\Y2\Sem 2\IM2073\Web Programming\actual project\smack\tomcat\webapps\docs]
14-Mar-2023 15:56:39.279 INFO [main] org.apache.jasper.servlet.TldScanner.scanJars At least one JAR was scanned for TLDs yet contained no TLDs. Enable debug logging for this logger for a complete list of JARs that were scanned but no TLDs were found in them. Skipping unneeded JARs during scanning can improve startup time and JSP compilation time.
14-Mar-2023 15:56:39.283 INFO [main] org.apache.catalina.startup.HostConfig.deployDirectory Deployment of web application directory [C:\Users\Zaza\Documents\Sekolah 2\Y2\Sem 2\IM2073\Web Programming\actual project\smack\tomcat\webapps\docs] has finished in [384] ms
14-Mar-2023 15:56:39.283 INFO [main] org.apache.catalina.startup.HostConfig.deployDirectory Deploying web application directory [C:\Users\Zaza\Documents\Sekolah 2\Y2\Sem 2\IM2073\Web Programming\actual project\smack\tomcat\webapps\examples]
14-Mar-2023 15:56:39.976 INFO [main] org.apache.jasper.servlet.TldScanner.scanJars At least one JAR was scanned for TLDs yet contained no TLDs. Enable debug logging for this logger for a complete list of JARs that were scanned but no TLDs were found in them. Skipping unneeded JARs during scanning can improve startup time and JSP compilation time.
14-Mar-2023 15:56:40.076 INFO [main] org.apache.catalina.startup.HostConfig.deployDirectory Deployment of web application directory [C:\Users\Zaza\Documents\Sekolah 2\Y2\Sem 2\IM2073\Web Programming\actual project\smack\tomcat\webapps\examples] has finished in [793] ms
14-Mar-2023 15:56:40.080 INFO [main] org.apache.catalina.startup.HostConfig.deployDirectory Deploying web application directory [C:\Users\Zaza\Documents\Sekolah 2\Y2\Sem 2\IM2073\Web Programming\actual project\smack\tomcat\webapps\host-manager]
14-Mar-2023 15:56:40.472 INFO [main] org.apache.jasper.servlet.TldScanner.scanJars At least one JAR was scanned for TLDs yet contained no TLDs. Enable debug logging for this logger for a complete list of JARs that were scanned but no TLDs were found in them. Skipping unneeded JARs during scanning can improve startup time and JSP compilation time.
14-Mar-2023 15:56:40.484 INFO [main] org.apache.catalina.startup.HostConfig.deployDirectory Deployment of web application directory [C:\Users\Zaza\Documents\Sekolah 2\Y2\Sem 2\IM2073\Web Programming\actual project\smack\tomcat\webapps\host-manager] has finished in [404] ms
14-Mar-2023 15:56:40.484 INFO [main] org.apache.catalina.startup.HostConfig.deployDirectory Deploying web application directory [C:\Users\Zaza\Documents\Sekolah 2\Y2\Sem 2\IM2073\Web Programming\actual project\smack\tomcat\webapps\manager]
14-Mar-2023 15:56:40.821 INFO [main] org.apache.jasper.servlet.TldScanner.scanJars At least one JAR was scanned for TLDs yet contained no TLDs. Enable debug logging for this logger for a complete list of JARs that were scanned but no TLDs were found in them. Skipping unneeded JARs during scanning can improve startup time and JSP compilation time.
14-Mar-2023 15:56:40.829 INFO [main] org.apache.catalina.startup.HostConfig.deployDirectory Deployment of web application directory [C:\Users\Zaza\Documents\Sekolah 2\Y2\Sem 2\IM2073\Web Programming\actual project\smack\tomcat\webapps\manager] has finished in [341] ms
14-Mar-2023 15:56:40.829 INFO [main] org.apache.catalina.startup.HostConfig.deployDirectory Deploying web application directory [C:\Users\Zaza\Documents\Sekolah 2\Y2\Sem 2\IM2073\Web Programming\actual project\smack\tomcat\webapps\ROOT]
14-Mar-2023 15:56:41.153 INFO [main] org.apache.jasper.servlet.TldScanner.scanJars At least one JAR was scanned for TLDs yet contained no TLDs. Enable debug logging for this logger for a complete list of JARs that were scanned but no TLDs were found in them. Skipping unneeded JARs during scanning can improve startup time and JSP compilation time.
14-Mar-2023 15:56:41.157 INFO [main] org.apache.catalina.startup.HostConfig.deployDirectory Deployment of web application directory [C:\Users\Zaza\Documents\Sekolah 2\Y2\Sem 2\IM2073\Web Programming\actual project\smack\tomcat\webapps\ROOT] has finished in [328] ms
14-Mar-2023 15:56:41.161 INFO [main] org.apache.coyote.AbstractProtocol.start Starting ProtocolHandler ["http-nio-9999"]
14-Mar-2023 15:56:41.701 INFO [main] org.apache.catalina.startup.Catalina.start Server startup in [4699] milliseconds
14-Mar-2023 16:33:06.279 INFO [Catalina-utility-2] org.apache.catalina.core.StandardContext.reload Reloading Context with name [/api] has started
14-Mar-2023 16:33:06.947 INFO [Catalina-utility-2] org.apache.jasper.servlet.TldScanner.scanJars At least one JAR was scanned for TLDs yet contained no TLDs. Enable debug logging for this logger for a complete list of JARs that were scanned but no TLDs were found in them. Skipping unneeded JARs during scanning can improve startup time and JSP compilation time.
14-Mar-2023 16:33:06.951 INFO [Catalina-utility-2] org.apache.catalina.core.StandardContext.reload Reloading Context with name [/api] is completed
14-Mar-2023 16:33:37.020 INFO [Catalina-utility-2] org.apache.catalina.core.StandardContext.reload Reloading Context with name [/api] has started
14-Mar-2023 16:33:37.474 INFO [Catalina-utility-2] org.apache.jasper.servlet.TldScanner.scanJars At least one JAR was scanned for TLDs yet contained no TLDs. Enable debug logging for this logger for a complete list of JARs that were scanned but no TLDs were found in them. Skipping unneeded JARs during scanning can improve startup time and JSP compilation time.
14-Mar-2023 16:33:37.477 INFO [Catalina-utility-2] org.apache.catalina.core.StandardContext.reload Reloading Context with name [/api] is completed
14-Mar-2023 16:34:37.613 INFO [Catalina-utility-1] org.apache.catalina.core.StandardContext.reload Reloading Context with name [/api] has started
14-Mar-2023 16:34:38.045 INFO [Catalina-utility-1] org.apache.jasper.servlet.TldScanner.scanJars At least one JAR was scanned for TLDs yet contained no TLDs. Enable debug logging for this logger for a complete list of JARs that were scanned but no TLDs were found in them. Skipping unneeded JARs during scanning can improve startup time and JSP compilation time.
14-Mar-2023 16:34:38.047 INFO [Catalina-utility-1] org.apache.catalina.core.StandardContext.reload Reloading Context with name [/api] is completed
14-Mar-2023 16:39:18.656 INFO [Catalina-utility-2] org.apache.catalina.core.StandardContext.reload Reloading Context with name [/api] has started
14-Mar-2023 16:39:19.047 INFO [Catalina-utility-2] org.apache.jasper.servlet.TldScanner.scanJars At least one JAR was scanned for TLDs yet contained no TLDs. Enable debug logging for this logger for a complete list of JARs that were scanned but no TLDs were found in them. Skipping unneeded JARs during scanning can improve startup time and JSP compilation time.
14-Mar-2023 16:39:19.050 INFO [Catalina-utility-2] org.apache.catalina.core.StandardContext.reload Reloading Context with name [/api] is completed
14-Mar-2023 16:39:49.125 INFO [Catalina-utility-2] org.apache.catalina.core.StandardContext.reload Reloading Context with name [/api] has started
14-Mar-2023 16:39:49.495 INFO [Catalina-utility-2] org.apache.jasper.servlet.TldScanner.scanJars At least one JAR was scanned for TLDs yet contained no TLDs. Enable debug logging for this logger for a complete list of JARs that were scanned but no TLDs were found in them. Skipping unneeded JARs during scanning can improve startup time and JSP compilation time.
14-Mar-2023 16:39:49.499 INFO [Catalina-utility-2] org.apache.catalina.core.StandardContext.reload Reloading Context with name [/api] is completed
14-Mar-2023 16:41:49.738 INFO [Catalina-utility-1] org.apache.catalina.core.StandardContext.reload Reloading Context with name [/api] has started
14-Mar-2023 16:41:50.134 INFO [Catalina-utility-1] org.apache.jasper.servlet.TldScanner.scanJars At least one JAR was scanned for TLDs yet contained no TLDs. Enable debug logging for this logger for a complete list of JARs that were scanned but no TLDs were found in them. Skipping unneeded JARs during scanning can improve startup time and JSP compilation time.
14-Mar-2023 16:41:50.136 INFO [Catalina-utility-1] org.apache.catalina.core.StandardContext.reload Reloading Context with name [/api] is completed
14-Mar-2023 16:43:10.297 INFO [Catalina-utility-2] org.apache.catalina.core.StandardContext.reload Reloading Context with name [/api] has started
14-Mar-2023 16:43:10.644 INFO [Catalina-utility-2] org.apache.jasper.servlet.TldScanner.scanJars At least one JAR was scanned for TLDs yet contained no TLDs. Enable debug logging for this logger for a complete list of JARs that were scanned but no TLDs were found in them. Skipping unneeded JARs during scanning can improve startup time and JSP compilation time.
14-Mar-2023 16:43:10.646 INFO [Catalina-utility-2] org.apache.catalina.core.StandardContext.reload Reloading Context with name [/api] is completed
14-Mar-2023 16:44:10.785 INFO [Catalina-utility-1] org.apache.catalina.core.StandardContext.reload Reloading Context with name [/api] has started
14-Mar-2023 16:44:11.189 INFO [Catalina-utility-1] org.apache.jasper.servlet.TldScanner.scanJars At least one JAR was scanned for TLDs yet contained no TLDs. Enable debug logging for this logger for a complete list of JARs that were scanned but no TLDs were found in them. Skipping unneeded JARs during scanning can improve startup time and JSP compilation time.
14-Mar-2023 16:44:11.192 INFO [Catalina-utility-1] org.apache.catalina.core.StandardContext.reload Reloading Context with name [/api] is completed
14-Mar-2023 16:45:31.368 INFO [Catalina-utility-2] org.apache.catalina.core.StandardContext.reload Reloading Context with name [/api] has started
14-Mar-2023 16:45:31.743 INFO [Catalina-utility-2] org.apache.jasper.servlet.TldScanner.scanJars At least one JAR was scanned for TLDs yet contained no TLDs. Enable debug logging for this logger for a complete list of JARs that were scanned but no TLDs were found in them. Skipping unneeded JARs during scanning can improve startup time and JSP compilation time.
14-Mar-2023 16:45:31.745 INFO [Catalina-utility-2] org.apache.catalina.core.StandardContext.reload Reloading Context with name [/api] is completed
14-Mar-2023 16:52:52.716 INFO [Catalina-utility-2] org.apache.catalina.core.StandardContext.reload Reloading Context with name [/api] has started
14-Mar-2023 16:52:53.205 INFO [Catalina-utility-2] org.apache.jasper.servlet.TldScanner.scanJars At least one JAR was scanned for TLDs yet contained no TLDs. Enable debug logging for this logger for a complete list of JARs that were scanned but no TLDs were found in them. Skipping unneeded JARs during scanning can improve startup time and JSP compilation time.
14-Mar-2023 16:52:53.210 INFO [Catalina-utility-2] org.apache.catalina.core.StandardContext.reload Reloading Context with name [/api] is completed
14-Mar-2023 16:53:03.230 INFO [Catalina-utility-1] org.apache.catalina.core.StandardContext.reload Reloading Context with name [/api] has started
14-Mar-2023 16:53:03.622 INFO [Catalina-utility-1] org.apache.jasper.servlet.TldScanner.scanJars At least one JAR was scanned for TLDs yet contained no TLDs. Enable debug logging for this logger for a complete list of JARs that were scanned but no TLDs were found in them. Skipping unneeded JARs during scanning can improve startup time and JSP compilation time.
14-Mar-2023 16:53:03.625 INFO [Catalina-utility-1] org.apache.catalina.core.StandardContext.reload Reloading Context with name [/api] is completed
14-Mar-2023 16:55:33.966 INFO [Catalina-utility-1] org.apache.catalina.core.StandardContext.reload Reloading Context with name [/api] has started
14-Mar-2023 16:55:34.337 INFO [Catalina-utility-1] org.apache.jasper.servlet.TldScanner.scanJars At least one JAR was scanned for TLDs yet contained no TLDs. Enable debug logging for this logger for a complete list of JARs that were scanned but no TLDs were found in them. Skipping unneeded JARs during scanning can improve startup time and JSP compilation time.
14-Mar-2023 16:55:34.339 INFO [Catalina-utility-1] org.apache.catalina.core.StandardContext.reload Reloading Context with name [/api] is completed
14-Mar-2023 16:59:14.858 INFO [Catalina-utility-1] org.apache.catalina.core.StandardContext.reload Reloading Context with name [/api] has started
14-Mar-2023 16:59:15.213 INFO [Catalina-utility-1] org.apache.jasper.servlet.TldScanner.scanJars At least one JAR was scanned for TLDs yet contained no TLDs. Enable debug logging for this logger for a complete list of JARs that were scanned but no TLDs were found in them. Skipping unneeded JARs during scanning can improve startup time and JSP compilation time.
14-Mar-2023 16:59:15.216 INFO [Catalina-utility-1] org.apache.catalina.core.StandardContext.reload Reloading Context with name [/api] is completed
